[19:16:23] [Server thread/INFO]: Starting minecraft server version 1.8.8
[19:16:23] [Server thread/INFO]: Loading properties
[19:16:23] [Server thread/INFO]: Default game type: SURVIVAL
[19:16:23] [Server thread/INFO]: This server is running CraftBukkit version git-Spigot-21fe707-e1ebe52 (MC: 1.8.8) (Implementing API version 1.8.8-R0.1-SNAPSHOT)
[19:16:23] [Server thread/INFO]: Debug logging is disabled
[19:16:23] [Server thread/INFO]: Server Ping Player Sample Count: 12
[19:16:23] [Server thread/INFO]: Using 16 threads for Netty based IO
[19:16:23] [Server thread/INFO]: Generating keypair
[19:16:24] [Server thread/INFO]: Starting Minecraft server on *:25565
[19:16:26] [Server thread/INFO]: Set PluginClassLoader as parallel capable
[19:16:30] [Server thread/INFO]: [PlaceholderAPI] Loading PlaceholderAPI v2.10.5
[19:16:30] [Server thread/INFO]: [HypixelAction] Loading HypixelAction v1.15.0
[19:16:30] [Server thread/INFO]: [HypixelBackpacks] Loading HypixelBackpacks v1.5.1
[19:16:30] [Server thread/INFO]: [ConsoleSpamFix] Loading ConsoleSpamFix v1.8.2
[19:16:30] [Server thread/INFO]: [HypixelMenus] Loading HypixelMenus v1.10.5
[19:16:30] [Server thread/INFO]: [HypixelMinionsCore] Loading HypixelMinionsCore v1.0
[19:16:30] [Server thread/INFO]: [HypixelLag] Loading HypixelLag v3.1.6
[19:16:30] [Server thread/INFO]: [HypixelBags] Loading HypixelBags v1.0
[19:16:30] [Server thread/INFO]: [HypixelCommands] Loading HypixelCommands v1.9.0
[19:16:30] [Server thread/INFO]: [AutoRespawn] Loading AutoRespawn v1.0
[19:16:30] [Server thread/INFO]: [HypixelMOTD] Loading HypixelMOTD v0.2.1
[19:16:30] [Server thread/INFO]: [ViaVersion] Loading ViaVersion v3.1.0
[19:16:31] [Server thread/INFO]: [ViaVersion] ViaVersion 3.1.0 is now loaded, waiting for boot. (late-bind)
[19:16:31] [Server thread/INFO]: [HypixelLore] Loading HypixelLore v1.6
[19:16:31] [Server thread/INFO]: [HypixelCrafting] Loading HypixelCrafting v2.0
[19:16:31] [Server thread/INFO]: [LuckPerms] Loading LuckPerms v5.1.26
[19:16:31] [Server thread/INFO]: [Skript] Loading Skript v2.1.2
[19:16:31] [Server thread/INFO]: [QuickBoard] Loading QuickBoard v4.3.0
[19:16:31] [Server thread/INFO]: [HypixelFriends] Loading HypixelFriends v1.5.12-SNAPSHOT (SPIGOT)
[19:16:31] [Server thread/INFO]: [HypixelSkills] Loading HypixelSkills v1.0
[19:16:31] [Server thread/INFO]: [WorldSpawn] Loading WorldSpawn v1.4.4
[19:16:31] [Server thread/INFO]: [Multiverse-Core] Loading Multiverse-Core v2.5-b699
[19:16:32] [Server thread/INFO]: [ProtocolLib] Loading ProtocolLib v4.5.1
[19:16:33] [Server thread/INFO]: [FastAsyncWorldEdit] Loading FastAsyncWorldEdit v19.11.13-5505943-1282-22.3.5
[19:16:33] [Server thread/INFO]: [HypixelTriggers] Loading HypixelTriggers v1.4
[19:16:33] [Server thread/INFO]: [ImageOnMap] Loading ImageOnMap v3.1
[19:16:33] [Server thread/INFO]: [HypixelPlayerProfiles] Loading HypixelPlayerProfiles v2.9
[19:16:33] [Server thread/INFO]: [GrapplingHook] Loading GrapplingHook v2.3
[19:16:33] [Server thread/INFO]: [HypixelBooks] Loading HypixelBooks v1.4.2
[19:16:33] [Server thread/INFO]: [HypixelWorldProtect] Loading HypixelWorldProtect v1.2
[19:16:33] [Server thread/INFO]: [HypixelEnchanting] Loading HypixelEnchanting v1.0
[19:16:33] [Server thread/INFO]: [Vault] Loading Vault v1.7.2-b107
[19:16:33] [Server thread/INFO]: [HypixelRegions] Loading HypixelRegions v1.1
[19:16:33] [Server thread/INFO]: [HolographicDisplays] Loading HolographicDisplays v2.4.3
[19:16:33] [Server thread/INFO]: [HandyOrbs] Loading HandyOrbs v2.0
[19:16:33] [Server thread/INFO]: [MessageFilter] Loading MessageFilter v0.3.2
[19:16:33] [Server thread/INFO]: [WorldEdit] Loading WorldEdit v6.1.7;dd00bb1
[19:16:33] [Server thread/INFO]: [HypixelChat] Loading HypixelChat v2.18
[19:16:33] [Server thread/INFO]: [Essentials] Loading Essentials v2.17.1.0
[19:16:33] [Server thread/INFO]: [InteractiveChat] Loading InteractiveChat v2.2.6
[19:16:33] [Server thread/INFO]: [Rewards] Loading Rewards v1.3.0
[19:16:33] [Server thread/INFO]: [Citizens] Loading Citizens v2.0.16-SNAPSHOT (build 1267)
[19:16:33] [Server thread/INFO]: [TradeSystem] Loading TradeSystem vB5
[19:16:33] [Server thread/INFO]: [Armor+] Loading HypixelArmor v2.2.1
[19:16:33] [Server thread/INFO]: [TAB] Loading TAB v2.6.5
[19:16:33] [Server thread/INFO]: [IridiumSkyblock] Loading IridiumSkyblock v2.4.7
[19:16:33] [Server thread/INFO]: [JumpPads] Loading JumpPads v1.0
[19:16:33] [Server thread/INFO]: [HoloMobHealth] Loading HoloMobHealth v2.0.7
[19:16:33] [Server thread/INFO]: [WorldGuard] Loading WorldGuard v6.1.3-SNAPSHOT;c904242
[19:16:33] [Server thread/INFO]: [AuctionMaster] Loading AuctionMaster v2.3
[19:16:33] [Server thread/INFO]: [CommandNPC] Loading CommandNPC v1.9.1
[19:16:33] [Server thread/INFO]: [HypixelItems] Loading HypixelItems v5.0.5-RELEASE-b324
[19:16:33] [Server thread/INFO]: [HypixelCombat] Loading HypixelCombat v9.9.3.4
[19:16:33] [Server thread/INFO]:  Loading expansion 'Cheat Prevention v14.17'[m
[19:16:33] [Server thread/INFO]:  Loading expansion 'Placeholder Compatibility v14.4'[m
[19:16:33] [Server thread/INFO]:  Loaded 2 expansions[m
[19:16:33] [Server thread/INFO]: [AuctionMasterItemDisplay] Loading AuctionMasterItemDisplay v1.1
[19:16:33] [Server thread/INFO]: [HypixelRegionBlocks] Loading HypixelRegionBlocks v1.0
[19:16:33] [Server thread/INFO]: [ConsoleSpamFix] Enabling ConsoleSpamFix v1.8.2
[19:16:33] [Server thread/INFO]: [ConsoleSpamFix] Server version detected: 1.8.8
[19:16:33] [Server thread/INFO]: [ConsoleSpamFix] Loading the config file...
[19:16:33] [Server thread/INFO]: [ConsoleSpamFix] Config file loaded!
[19:16:33] [Server thread/INFO]: [LuckPerms] Enabling LuckPerms v5.1.26
[19:16:33] [Server thread/INFO]: [0;36;1m       [0;36;22m __    [m
[19:16:33] [Server thread/INFO]: [0;36;1m  |    [0;36;22m|__)   [0;32;22mLuckPerms [0;36;1mv5.1.26[m
[19:16:33] [Server thread/INFO]: [0;36;1m  |___ [0;36;22m|      [0;30;1mRunning on Bukkit - CraftBukkit[m
[19:16:33] [Server thread/INFO]: [m
[19:16:33] [Server thread/INFO]: [LuckPerms] Loading configuration...
[19:16:36] [Server thread/INFO]: [LuckPerms] Loading storage provider... [YAML]
[19:16:37] [Server thread/INFO]: [LuckPerms] Loading internal permission managers...
[19:16:37] [Server thread/INFO]: [LuckPerms] Performing initial data load...
[19:16:38] [Server thread/INFO]: [LuckPerms] Successfully enabled. (took 4717ms)
[19:16:39] [Server thread/INFO]: [LuckPerms] Registered Vault permission & chat hook.
[19:16:40] [Server thread/INFO]: **** Beginning UUID conversion, this may take A LONG time ****
[19:16:41] [Server thread/INFO]: [HypixelAction] Enabling HypixelAction v1.15.0
[19:16:41] [Server thread/INFO]: [HypixelAction] Hooked into PlaceholderAPI for placeholders!
[19:16:41] [Server thread/INFO]: [HypixelBackpacks] Enabling HypixelBackpacks v1.5.1
[19:16:41] [Server thread/INFO]: [0;32;1mFancyBags >>> NMS Version Detected: v1_8_R3[m
[19:16:42] [Server thread/INFO]: [0;32;1mFancyBags >>> loaded 3 recipes![m
[19:16:42] [Server thread/INFO]: FancyBags plugin has been enabled![m
[19:16:42] [Server thread/INFO]: [HypixelMenus] Enabling HypixelMenus v1.10.5
[19:16:42] [Server thread/INFO]: [HypixelMenus] Hooked into PlaceholderAPI!
[19:16:43] [Server thread/INFO]: [HypixelMenus] 26 GUI menus loaded!
[19:16:43] [Server thread/INFO]: [HypixelMenus] Successfully hooked into Vault for economy requirement!
[19:16:43] [Server thread/INFO]: [HypixelMenus] NMS hook has been setup
[19:16:43] [Server thread/INFO]: [HypixelMinionsCore] Enabling HypixelMinionsCore v1.0
[19:16:43] [Server thread/INFO]: [HypixelLag] Enabling HypixelLag v3.1.6
[19:16:43] [Server thread/INFO]: [ClearLag] Loading modules...
[19:16:43] [Server thread/INFO]: [ClearLag] Modules enabed, loading config values
[19:16:43] [Server thread/INFO]: [ClearLag] Modules have been loaded!
[19:16:43] [Server thread/INFO]: [ClearLag] Clearlag is now enabled!
[19:16:43] [Server thread/INFO]: [HypixelBags] Enabling HypixelBags v1.0
[19:16:43] [Server thread/INFO]: [0;32;1mBackpacks plugin has been enabled![m
[19:16:43] [Server thread/INFO]: [HypixelCommands] Enabling HypixelCommands v1.9.0
[19:16:43] [Server thread/INFO]: [HypixelCommands] Successfully setup compatibility for your server version!
[19:16:43] [Server thread/INFO]: [HypixelCommands] 9 commands loaded!
[19:16:43] [Server thread/INFO]: [HypixelCommands] Hooked into PlaceholderAPI for placeholders!
[19:16:43] [Server thread/INFO]: [AutoRespawn] Enabling AutoRespawn v1.0
[19:16:43] [Server thread/INFO]: [HypixelMOTD] Enabling HypixelMOTD v0.2.1
[19:16:44] [Server thread/INFO]: [HypixelLore] Enabling HypixelLore v1.6
[19:16:44] [Server thread/INFO]: [HypixelCrafting] Enabling HypixelCrafting v2.0
[19:16:47] [Server thread/INFO]: [QuickBoard] Enabling QuickBoard v4.3.0
[19:16:47] [Server thread/INFO]: [QuickBoard]           QuickBoard          
[19:16:47] [Server thread/INFO]: [QuickBoard] Listeners registered
[19:16:47] [Server thread/INFO]: [QuickBoard] Loading scoreboards
[19:16:47] [Server thread/INFO]: [QuickBoard] Loaded 'scoreboard.islands.yml' with permission 'scoreboard.islands'
[19:16:47] [Server thread/INFO]: [QuickBoard] Loaded 'scoreboard.server.yml' with permission 'scoreboard.server'
[19:16:47] [Server thread/INFO]: [QuickBoard] Scoreboards loaded
[19:16:47] [Server thread/INFO]: [QuickBoard] Config registered
[19:16:47] [Server thread/INFO]: [QuickBoard] Update Tasks started
[19:16:47] [Server thread/INFO]: [QuickBoard] Command 'quickboard' enabled
[19:16:47] [Server thread/INFO]: [QuickBoard]           QuickBoard          
[19:16:47] [Server thread/INFO]: [HypixelFriends] Enabling HypixelFriends v1.5.12-SNAPSHOT (SPIGOT)
[19:16:47] [Server thread/INFO]: [0;37;22mChecking if a new language is available ...[m
[19:16:48] [Server thread/INFO]: [HypixelSkills] Enabling HypixelSkills v1.0
[19:16:49] [Server thread/INFO]: [HypixelTriggers] Enabling HypixelTriggers v1.4
[19:16:49] [Server thread/INFO]: [ImageOnMap] Enabling ImageOnMap v3.1
[19:16:49] [Server thread/INFO]: [ImageOnMap] Loaded 1 player map files.
[19:16:50] [Server thread/INFO]: [HypixelPlayerProfiles] Enabling HypixelPlayerProfiles v2.9
[19:16:50] [Server thread/INFO]: [GrapplingHook] Enabling GrapplingHook v2.3
[19:16:50] [Server thread/INFO]: [0;37;22m[[0;33;22mGrapplingHook[0;37;22m] [0;32;22mPlugin loading...[m
[19:16:50] [Server thread/INFO]: [0;37;22m[[0;33;22mGrapplingHook[0;37;22m] [0;32;22mServer version 1.8.8 identified. Plugin successfully loaded![m
[19:16:50] [Server thread/INFO]: [HypixelBooks] Enabling HypixelBooks v1.4.2
[19:16:50] [Server thread/INFO]: [HypixelWorldProtect] Enabling HypixelWorldProtect v1.2
[19:16:50] [Server thread/INFO]: [HypixelRegions] Enabling HypixelRegions v1.1
[19:16:50] [Server thread/INFO]: [HolographicDisplays] Enabling HolographicDisplays v2.4.3
[19:16:51] [Server thread/INFO]: [NBTAPI] Found Spigot: v1_8_R3! Trying to find NMS support
[19:16:52] [Server thread/INFO]: [HypixelChat] Enabling HypixelChat v2.18
[19:16:52] [Server thread/INFO]: [HypixelChat] Vault has successful hooked.
[19:16:52] [Server thread/INFO]: [HypixelChat] PlaceholderAPI has successful hooked.
[19:16:52] [Server thread/INFO]: Attempting to convert old kits in config.yml to new kits.yml
[19:16:53] [Server thread/INFO]: [InteractiveChat] Enabling InteractiveChat v2.2.6
[19:16:53] [Server thread/INFO]: [0;36;1m[InteractiveChat] InteractiveChat has hooked into Essentials![m
[19:16:53] [Server thread/INFO]: [0;31;1mTranslatable Components are not supported on this version[m
[19:16:53] [Server thread/INFO]: [0;33;1mInteractiveChat will use legacy item names method instead![m
[19:16:53] [Server thread/INFO]: [0;32;1m> Loading instances...[m
[19:16:53] [Server thread/INFO]: [0;32;1m> Loading listeners...[m
[19:16:53] [Server thread/INFO]: [0;32;1m> Loading commands...[m
[19:16:54] [Server thread/INFO]: [JumpPads] Enabling JumpPads v1.0
[19:16:54] [Server thread/INFO]: [0;31;1mTranslatable Components are not supported on this version[m
[19:16:55] [Server thread/INFO]: [HypixelItems] Enabling HypixelItems v5.0.5-RELEASE-b324
[19:16:55] [Server thread/INFO]: [HypixelCombat] Enabling HypixelCombat v9.9.3.4
[19:16:55] [Server thread/INFO]: [AuctionMasterItemDisplay] Enabling AuctionMasterItemDisplay v1.1
[19:16:55] [Server thread/INFO]: [HypixelRegionBlocks] Enabling HypixelRegionBlocks v1.0
[19:16:55] [Server thread/INFO]: Server permissions file permissions.yml is empty, ignoring it
[19:16:56] [Server thread/INFO]: Done (15.716s)! For help, type "help" or "?"
[19:16:56] [Server thread/INFO]: Starting GS4 status listener
[19:16:56] [Query Listener #1/INFO]: Query running on 0.0.0.0:25565
[19:16:56] [Server thread/INFO]: Using default channel type
[19:16:56] [Server thread/INFO]: [0;32;1mMultiverse[0;37;1m already knows about '[0;36;1mIslands[0;37;1m'![m
[19:16:56] [Server thread/INFO]: [0;32;1mSuccess![0;37;1m Property [0;36;1mgenerator[0;37;1m was set to [0;32;1mIridiumSkyblock[m
[19:16:56] [Server thread/INFO]:  Enabling expansion 'Cheat Prevention v14.17'[m
[19:16:57] [Server thread/INFO]:   [m
[19:16:57] [Server thread/INFO]:   [m
[19:16:57] [Server thread/INFO]:  Successfully enabled 2 expansions[m
[19:16:57] [Craft Scheduler Thread - 3/INFO]: [0;37;22m[[0;33;22mGrapplingHook[0;37;22m] There is not a new update available.[m
[19:16:58] [Server thread/INFO]: [0;32;1mConfig successfully reloaded![m
[19:16:59] [Craft Scheduler Thread - 35/INFO]: Trying to get new version of QuickBoard...
[19:17:00] [Craft Scheduler Thread - 35/INFO]: Current QuickBoard version: 4.3.0
[19:17:00] [Craft Scheduler Thread - 35/INFO]:  
[19:17:00] [Craft Scheduler Thread - 35/INFO]: QuickBoard I got new Update!
[19:17:05] [Craft Scheduler Thread - 0/WARN]: java.net.SocketTimeoutException: Read timed out
[19:17:05] [Craft Scheduler Thread - 0/WARN]: 	at java.net.SocketInputStream.socketRead0(Native Method)
[19:17:05] [Craft Scheduler Thread - 0/WARN]: 	at java.net.SocketInputStream.socketRead(Unknown Source)
[19:17:05] [Craft Scheduler Thread - 0/WARN]: 	at java.net.SocketInputStream.read(Unknown Source)
[19:17:05] [Craft Scheduler Thread - 0/WARN]: 	at java.net.SocketInputStream.read(Unknown Source)
[19:17:05] [Craft Scheduler Thread - 0/WARN]: 	at sun.security.ssl.InputRecord.readFully(Unknown Source)
[19:17:05] [Craft Scheduler Thread - 0/WARN]: 	at sun.security.ssl.InputRecord.read(Unknown Source)
[19:17:05] [Craft Scheduler Thread - 0/WARN]: 	at sun.security.ssl.SSLSocketImpl.readRecord(Unknown Source)
[19:17:05] [Craft Scheduler Thread - 0/WARN]: 	at sun.security.ssl.SSLSocketImpl.readDataRecord(Unknown Source)
[19:17:05] [Craft Scheduler Thread - 0/WARN]: 	at sun.security.ssl.AppInputStream.read(Unknown Source)
[19:17:05] [Craft Scheduler Thread - 0/WARN]: 	at java.io.BufferedInputStream.fill(Unknown Source)
[19:17:05] [Craft Scheduler Thread - 0/WARN]: 	at java.io.BufferedInputStream.read1(Unknown Source)
[19:17:05] [Craft Scheduler Thread - 0/WARN]: 	at java.io.BufferedInputStream.read(Unknown Source)
[19:17:05] [Craft Scheduler Thread - 0/WARN]: 	at sun.net.www.http.HttpClient.parseHTTPHeader(Unknown Source)
[19:17:05] [Craft Scheduler Thread - 0/WARN]: 	at sun.net.www.http.HttpClient.parseHTTP(Unknown Source)
[19:17:05] [Craft Scheduler Thread - 0/WARN]: 	at sun.net.www.protocol.http.HttpURLConnection.getInputStream0(Unknown Source)
[19:17:05] [Craft Scheduler Thread - 0/WARN]: 	at sun.net.www.protocol.http.HttpURLConnection.getInputStream(Unknown Source)
[19:17:05] [Craft Scheduler Thread - 0/WARN]: 	at sun.net.www.protocol.https.HttpsURLConnectionImpl.getInputStream(Unknown Source)
[19:17:05] [Craft Scheduler Thread - 0/WARN]: 	at com.iridium.iridiumskyblock.IridiumSkyblock.lambda$getLanguages$2(IridiumSkyblock.java:279)
[19:17:05] [Craft Scheduler Thread - 0/WARN]: 	at org.bukkit.craftbukkit.v1_8_R3.scheduler.CraftTask.run(CraftTask.java:71)
[19:17:05] [Craft Scheduler Thread - 0/WARN]: 	at org.bukkit.craftbukkit.v1_8_R3.scheduler.CraftAsyncTask.run(CraftAsyncTask.java:53)
[19:17:05] [Craft Scheduler Thread - 0/WARN]: 	at java.util.concurrent.ThreadPoolExecutor.runWorker(Unknown Source)
[19:17:05] [Craft Scheduler Thread - 0/WARN]: 	at java.util.concurrent.ThreadPoolExecutor$Worker.run(Unknown Source)
[19:17:05] [Craft Scheduler Thread - 0/WARN]: 	at java.lang.Thread.run(Unknown Source)
[19:19:41] [User Authenticator #1/INFO]: UUID of player MiniFlexJAV is 5b975c91-b95a-4f2c-b4b8-79deaf0457ff
[19:19:41] [Server thread/INFO]: MiniFlexJAV[/192.168.1.65:55564] logged in with entity id 132 at ([Server]-0.009808527058339678, 88.0625, 7.144236183277172)
[19:20:11] [Server thread/INFO]: [NBTAPI] Found Spigot: v1_8_R3! Trying to find NMS support
[19:20:11] [Server thread/INFO]: [NBTAPI] NMS support 'MC1_8_R3' loaded!
[19:20:11] [Server thread/INFO]: [NBTAPI] Found Gson: class com.google.gson.Gson
[19:20:11] [Thread-14/INFO]: [NBTAPI] The NBT-API seems to be up-to-date!
[19:21:10] [Server thread/INFO]: MiniFlexJAV issued server command: /wbc
[19:21:20] [Server thread/INFO]: MiniFlexJAV issued server command: /wb
[19:21:24] [Server thread/INFO]: [NBTAPI] Found Spigot: v1_8_R3! Trying to find NMS support
[19:21:24] [Server thread/INFO]: [NBTAPI] NMS support 'MC1_8_R3' loaded!
[19:21:24] [Thread-15/WARN]: [NBTAPI] The NBT-API at 'package de.tr7zw.nbtapi' seems to be outdated!
[19:21:24] [Thread-15/WARN]: [NBTAPI] Please update the nbt-api or the plugin that contains the api!
[19:22:41] [Server thread/INFO]: MiniFlexJAV issued server command: /ah
[19:22:55] [Server thread/INFO]: MiniFlexJAV issued server command: /ah
[19:24:34] [Server thread/INFO]: MiniFlexJAV issued server command: /is
[19:24:37] [Server thread/INFO]: MiniFlexJAV issued server command: /is reset
[19:24:40] [Server thread/INFO]: [0;30;1m([0;31;22m[21mFAWE[0;30;1m)[m[0;37;22m @CuboidClipboard used by WorldEdit6.paste():42 is deprecated.[m
[19:24:40] [Server thread/INFO]: [0;30;1m([0;31;22m[21mFAWE[0;30;1m)[m[0;37;22m  - Alternatives: { class com.sk89q.worldedit.extent.clipboard.BlockArrayClipboard,class com.sk89q.worldedit.extent.clipboard.io.ClipboardFormat }[m
[19:24:40] [Thread-5/WARN]: Exception in thread "Thread-5" 
[19:24:40] [Thread-5/WARN]: java.lang.NumberFormatException: For input string: "1m"
[19:24:40] [Thread-5/WARN]: 	at java.lang.NumberFormatException.forInputString(Unknown Source)
[19:24:40] [Thread-5/WARN]: 	at java.lang.Integer.parseInt(Unknown Source)
[19:24:40] [Thread-5/WARN]: 	at java.lang.Integer.<init>(Unknown Source)
[19:24:40] [Thread-5/WARN]: 	at org.fusesource.jansi.AnsiOutputStream.write(AnsiOutputStream.java:120)
[19:24:40] [Thread-5/WARN]: 	at java.io.PrintStream.write(Unknown Source)
[19:24:40] [Thread-5/WARN]: 	at org.fusesource.jansi.AnsiOutputStream.write(AnsiOutputStream.java:82)
[19:24:40] [Thread-5/WARN]: 	at java.io.FilterOutputStream.write(Unknown Source)
[19:24:40] [Thread-5/WARN]: 	at sun.nio.cs.StreamEncoder.writeBytes(Unknown Source)
[19:24:40] [Thread-5/WARN]: 	at sun.nio.cs.StreamEncoder.implFlushBuffer(Unknown Source)
[19:24:40] [Thread-5/WARN]: 	at sun.nio.cs.StreamEncoder.implFlush(Unknown Source)
[19:24:40] [Thread-5/WARN]: 	at sun.nio.cs.StreamEncoder.flush(Unknown Source)
[19:24:40] [Thread-5/WARN]: 	at java.io.OutputStreamWriter.flush(Unknown Source)
[19:24:40] [Thread-5/WARN]: 	at org.bukkit.craftbukkit.libs.jline.console.ConsoleReader.flush(ConsoleReader.java:976)
[19:24:40] [Thread-5/WARN]: 	at org.bukkit.craftbukkit.v1_8_R3.util.TerminalConsoleWriterThread.run(TerminalConsoleWriterThread.java:42)
[19:24:40] [Thread-5/WARN]: 	at java.lang.Thread.run(Unknown Source)
[19:24:47] [Server thread/INFO]: MiniFlexJAV lost connection: Disconnected
