[00:29:15] [Craft Scheduler Thread - 457/INFO]: Trying to get new version of QuickBoard...
[00:29:15] [Craft Scheduler Thread - 457/WARN]: java.net.UnknownHostException: raw.githubusercontent.com
[00:29:15] [Craft Scheduler Thread - 457/WARN]: 	at java.net.AbstractPlainSocketImpl.connect(Unknown Source)
[00:29:15] [Craft Scheduler Thread - 457/WARN]: 	at java.net.PlainSocketImpl.connect(Unknown Source)
[00:29:15] [Craft Scheduler Thread - 457/WARN]: 	at java.net.SocksSocketImpl.connect(Unknown Source)
[00:29:15] [Craft Scheduler Thread - 457/WARN]: 	at java.net.Socket.connect(Unknown Source)
[00:29:15] [Craft Scheduler Thread - 457/WARN]: 	at sun.security.ssl.SSLSocketImpl.connect(Unknown Source)
[00:29:15] [Craft Scheduler Thread - 457/WARN]: 	at sun.security.ssl.BaseSSLSocketImpl.connect(Unknown Source)
[00:29:15] [Craft Scheduler Thread - 457/WARN]: 	at sun.net.NetworkClient.doConnect(Unknown Source)
[00:29:15] [Craft Scheduler Thread - 457/WARN]: 	at sun.net.www.http.HttpClient.openServer(Unknown Source)
[00:29:15] [Craft Scheduler Thread - 457/WARN]: 	at sun.net.www.http.HttpClient.openServer(Unknown Source)
[00:29:15] [Craft Scheduler Thread - 457/WARN]: 	at sun.net.www.protocol.https.HttpsClient.<init>(Unknown Source)
[00:29:15] [Craft Scheduler Thread - 457/WARN]: 	at sun.net.www.protocol.https.HttpsClient.New(Unknown Source)
[00:29:15] [Craft Scheduler Thread - 457/WARN]: 	at sun.net.www.protocol.https.AbstractDelegateHttpsURLConnection.getNewHttpClient(Unknown Source)
[00:29:15] [Craft Scheduler Thread - 457/WARN]: 	at sun.net.www.protocol.http.HttpURLConnection.plainConnect0(Unknown Source)
[00:29:15] [Craft Scheduler Thread - 457/WARN]: 	at sun.net.www.protocol.http.HttpURLConnection.plainConnect(Unknown Source)
[00:29:15] [Craft Scheduler Thread - 457/WARN]: 	at sun.net.www.protocol.https.AbstractDelegateHttpsURLConnection.connect(Unknown Source)
[00:29:15] [Craft Scheduler Thread - 457/WARN]: 	at sun.net.www.protocol.http.HttpURLConnection.getInputStream0(Unknown Source)
[00:29:15] [Craft Scheduler Thread - 457/WARN]: 	at sun.net.www.protocol.http.HttpURLConnection.getInputStream(Unknown Source)
[00:29:15] [Craft Scheduler Thread - 457/WARN]: 	at sun.net.www.protocol.https.HttpsURLConnectionImpl.getInputStream(Unknown Source)
[00:29:15] [Craft Scheduler Thread - 457/WARN]: 	at java.net.URL.openStream(Unknown Source)
[00:29:15] [Craft Scheduler Thread - 457/WARN]: 	at me.tade.quickboard.PluginUpdater.get(PluginUpdater.java:69)
[00:29:15] [Craft Scheduler Thread - 457/WARN]: 	at me.tade.quickboard.PluginUpdater.getResponse(PluginUpdater.java:57)
[00:29:15] [Craft Scheduler Thread - 457/WARN]: 	at me.tade.quickboard.PluginUpdater.doUpdate(PluginUpdater.java:31)
[00:29:15] [Craft Scheduler Thread - 457/WARN]: 	at me.tade.quickboard.PluginUpdater$1.run(PluginUpdater.java:25)
[00:29:15] [Craft Scheduler Thread - 457/WARN]: 	at org.bukkit.craftbukkit.v1_8_R3.scheduler.CraftTask.run(CraftTask.java:71)
[00:29:15] [Craft Scheduler Thread - 457/WARN]: 	at org.bukkit.craftbukkit.v1_8_R3.scheduler.CraftAsyncTask.run(CraftAsyncTask.java:53)
[00:29:15] [Craft Scheduler Thread - 457/WARN]: 	at java.util.concurrent.ThreadPoolExecutor.runWorker(Unknown Source)
[00:29:15] [Craft Scheduler Thread - 457/WARN]: 	at java.util.concurrent.ThreadPoolExecutor$Worker.run(Unknown Source)
[00:29:15] [Craft Scheduler Thread - 457/WARN]: 	at java.lang.Thread.run(Unknown Source)
[00:29:15] [Craft Scheduler Thread - 457/INFO]: Some sort of error happend! Can't get new version of QuickBoard!
[00:59:21] [Craft Scheduler Thread - 528/INFO]: Trying to get new version of QuickBoard...
[00:59:21] [Craft Scheduler Thread - 528/WARN]: java.net.UnknownHostException: raw.githubusercontent.com
[00:59:21] [Craft Scheduler Thread - 528/WARN]: 	at java.net.AbstractPlainSocketImpl.connect(Unknown Source)
[00:59:21] [Craft Scheduler Thread - 528/WARN]: 	at java.net.PlainSocketImpl.connect(Unknown Source)
[00:59:21] [Craft Scheduler Thread - 528/WARN]: 	at java.net.SocksSocketImpl.connect(Unknown Source)
[00:59:21] [Craft Scheduler Thread - 528/WARN]: 	at java.net.Socket.connect(Unknown Source)
[00:59:21] [Craft Scheduler Thread - 528/WARN]: 	at sun.security.ssl.SSLSocketImpl.connect(Unknown Source)
[00:59:21] [Craft Scheduler Thread - 528/WARN]: 	at sun.security.ssl.BaseSSLSocketImpl.connect(Unknown Source)
[00:59:21] [Craft Scheduler Thread - 528/WARN]: 	at sun.net.NetworkClient.doConnect(Unknown Source)
[00:59:21] [Craft Scheduler Thread - 528/WARN]: 	at sun.net.www.http.HttpClient.openServer(Unknown Source)
[00:59:21] [Craft Scheduler Thread - 528/WARN]: 	at sun.net.www.http.HttpClient.openServer(Unknown Source)
[00:59:21] [Craft Scheduler Thread - 528/WARN]: 	at sun.net.www.protocol.https.HttpsClient.<init>(Unknown Source)
[00:59:21] [Craft Scheduler Thread - 528/WARN]: 	at sun.net.www.protocol.https.HttpsClient.New(Unknown Source)
[00:59:21] [Craft Scheduler Thread - 528/WARN]: 	at sun.net.www.protocol.https.AbstractDelegateHttpsURLConnection.getNewHttpClient(Unknown Source)
[00:59:21] [Craft Scheduler Thread - 528/WARN]: 	at sun.net.www.protocol.http.HttpURLConnection.plainConnect0(Unknown Source)
[00:59:21] [Craft Scheduler Thread - 528/WARN]: 	at sun.net.www.protocol.http.HttpURLConnection.plainConnect(Unknown Source)
[00:59:21] [Craft Scheduler Thread - 528/WARN]: 	at sun.net.www.protocol.https.AbstractDelegateHttpsURLConnection.connect(Unknown Source)
[00:59:21] [Craft Scheduler Thread - 528/WARN]: 	at sun.net.www.protocol.http.HttpURLConnection.getInputStream0(Unknown Source)
[00:59:21] [Craft Scheduler Thread - 528/WARN]: 	at sun.net.www.protocol.http.HttpURLConnection.getInputStream(Unknown Source)
[00:59:21] [Craft Scheduler Thread - 528/WARN]: 	at sun.net.www.protocol.https.HttpsURLConnectionImpl.getInputStream(Unknown Source)
[00:59:21] [Craft Scheduler Thread - 528/WARN]: 	at java.net.URL.openStream(Unknown Source)
[00:59:21] [Craft Scheduler Thread - 528/WARN]: 	at me.tade.quickboard.PluginUpdater.get(PluginUpdater.java:69)
[00:59:21] [Craft Scheduler Thread - 528/WARN]: 	at me.tade.quickboard.PluginUpdater.getResponse(PluginUpdater.java:57)
[00:59:21] [Craft Scheduler Thread - 528/WARN]: 	at me.tade.quickboard.PluginUpdater.doUpdate(PluginUpdater.java:31)
[00:59:21] [Craft Scheduler Thread - 528/WARN]: 	at me.tade.quickboard.PluginUpdater$1.run(PluginUpdater.java:25)
[00:59:21] [Craft Scheduler Thread - 528/WARN]: 	at org.bukkit.craftbukkit.v1_8_R3.scheduler.CraftTask.run(CraftTask.java:71)
[00:59:21] [Craft Scheduler Thread - 528/WARN]: 	at org.bukkit.craftbukkit.v1_8_R3.scheduler.CraftAsyncTask.run(CraftAsyncTask.java:53)
[00:59:21] [Craft Scheduler Thread - 528/WARN]: 	at java.util.concurrent.ThreadPoolExecutor.runWorker(Unknown Source)
[00:59:21] [Craft Scheduler Thread - 528/WARN]: 	at java.util.concurrent.ThreadPoolExecutor$Worker.run(Unknown Source)
[00:59:21] [Craft Scheduler Thread - 528/WARN]: 	at java.lang.Thread.run(Unknown Source)
[00:59:21] [Craft Scheduler Thread - 528/INFO]: Some sort of error happend! Can't get new version of QuickBoard!
[01:29:26] [Craft Scheduler Thread - 599/INFO]: Trying to get new version of QuickBoard...
[01:29:26] [Craft Scheduler Thread - 599/WARN]: java.net.UnknownHostException: raw.githubusercontent.com
[01:29:26] [Craft Scheduler Thread - 599/WARN]: 	at java.net.AbstractPlainSocketImpl.connect(Unknown Source)
[01:29:26] [Craft Scheduler Thread - 599/WARN]: 	at java.net.PlainSocketImpl.connect(Unknown Source)
[01:29:26] [Craft Scheduler Thread - 599/WARN]: 	at java.net.SocksSocketImpl.connect(Unknown Source)
[01:29:26] [Craft Scheduler Thread - 599/WARN]: 	at java.net.Socket.connect(Unknown Source)
[01:29:26] [Craft Scheduler Thread - 599/WARN]: 	at sun.security.ssl.SSLSocketImpl.connect(Unknown Source)
[01:29:26] [Craft Scheduler Thread - 599/WARN]: 	at sun.security.ssl.BaseSSLSocketImpl.connect(Unknown Source)
[01:29:26] [Craft Scheduler Thread - 599/WARN]: 	at sun.net.NetworkClient.doConnect(Unknown Source)
[01:29:26] [Craft Scheduler Thread - 599/WARN]: 	at sun.net.www.http.HttpClient.openServer(Unknown Source)
[01:29:26] [Craft Scheduler Thread - 599/WARN]: 	at sun.net.www.http.HttpClient.openServer(Unknown Source)
[01:29:26] [Craft Scheduler Thread - 599/WARN]: 	at sun.net.www.protocol.https.HttpsClient.<init>(Unknown Source)
[01:29:26] [Craft Scheduler Thread - 599/WARN]: 	at sun.net.www.protocol.https.HttpsClient.New(Unknown Source)
[01:29:26] [Craft Scheduler Thread - 599/WARN]: 	at sun.net.www.protocol.https.AbstractDelegateHttpsURLConnection.getNewHttpClient(Unknown Source)
[01:29:26] [Craft Scheduler Thread - 599/WARN]: 	at sun.net.www.protocol.http.HttpURLConnection.plainConnect0(Unknown Source)
[01:29:26] [Craft Scheduler Thread - 599/WARN]: 	at sun.net.www.protocol.http.HttpURLConnection.plainConnect(Unknown Source)
[01:29:26] [Craft Scheduler Thread - 599/WARN]: 	at sun.net.www.protocol.https.AbstractDelegateHttpsURLConnection.connect(Unknown Source)
[01:29:26] [Craft Scheduler Thread - 599/WARN]: 	at sun.net.www.protocol.http.HttpURLConnection.getInputStream0(Unknown Source)
[01:29:26] [Craft Scheduler Thread - 599/WARN]: 	at sun.net.www.protocol.http.HttpURLConnection.getInputStream(Unknown Source)
[01:29:26] [Craft Scheduler Thread - 599/WARN]: 	at sun.net.www.protocol.https.HttpsURLConnectionImpl.getInputStream(Unknown Source)
[01:29:27] [Craft Scheduler Thread - 599/WARN]: 	at java.net.URL.openStream(Unknown Source)
[01:29:27] [Craft Scheduler Thread - 599/WARN]: 	at me.tade.quickboard.PluginUpdater.get(PluginUpdater.java:69)
[01:29:27] [Craft Scheduler Thread - 599/WARN]: 	at me.tade.quickboard.PluginUpdater.getResponse(PluginUpdater.java:57)
[01:29:27] [Craft Scheduler Thread - 599/WARN]: 	at me.tade.quickboard.PluginUpdater.doUpdate(PluginUpdater.java:31)
[01:29:27] [Craft Scheduler Thread - 599/WARN]: 	at me.tade.quickboard.PluginUpdater$1.run(PluginUpdater.java:25)
[01:29:27] [Craft Scheduler Thread - 599/WARN]: 	at org.bukkit.craftbukkit.v1_8_R3.scheduler.CraftTask.run(CraftTask.java:71)
[01:29:27] [Craft Scheduler Thread - 599/WARN]: 	at org.bukkit.craftbukkit.v1_8_R3.scheduler.CraftAsyncTask.run(CraftAsyncTask.java:53)
[01:29:27] [Craft Scheduler Thread - 599/WARN]: 	at java.util.concurrent.ThreadPoolExecutor.runWorker(Unknown Source)
[01:29:27] [Craft Scheduler Thread - 599/WARN]: 	at java.util.concurrent.ThreadPoolExecutor$Worker.run(Unknown Source)
[01:29:27] [Craft Scheduler Thread - 599/WARN]: 	at java.lang.Thread.run(Unknown Source)
[01:29:27] [Craft Scheduler Thread - 599/INFO]: Some sort of error happend! Can't get new version of QuickBoard!
[01:59:32] [Craft Scheduler Thread - 653/INFO]: Trying to get new version of QuickBoard...
[01:59:32] [Craft Scheduler Thread - 653/WARN]: java.net.UnknownHostException: raw.githubusercontent.com
[01:59:32] [Craft Scheduler Thread - 653/WARN]: 	at java.net.AbstractPlainSocketImpl.connect(Unknown Source)
[01:59:32] [Craft Scheduler Thread - 653/WARN]: 	at java.net.PlainSocketImpl.connect(Unknown Source)
[01:59:32] [Craft Scheduler Thread - 653/WARN]: 	at java.net.SocksSocketImpl.connect(Unknown Source)
[01:59:32] [Craft Scheduler Thread - 653/WARN]: 	at java.net.Socket.connect(Unknown Source)
[01:59:32] [Craft Scheduler Thread - 653/WARN]: 	at sun.security.ssl.SSLSocketImpl.connect(Unknown Source)
[01:59:32] [Craft Scheduler Thread - 653/WARN]: 	at sun.security.ssl.BaseSSLSocketImpl.connect(Unknown Source)
[01:59:32] [Craft Scheduler Thread - 653/WARN]: 	at sun.net.NetworkClient.doConnect(Unknown Source)
[01:59:32] [Craft Scheduler Thread - 653/WARN]: 	at sun.net.www.http.HttpClient.openServer(Unknown Source)
[01:59:32] [Craft Scheduler Thread - 653/WARN]: 	at sun.net.www.http.HttpClient.openServer(Unknown Source)
[01:59:32] [Craft Scheduler Thread - 653/WARN]: 	at sun.net.www.protocol.https.HttpsClient.<init>(Unknown Source)
[01:59:32] [Craft Scheduler Thread - 653/WARN]: 	at sun.net.www.protocol.https.HttpsClient.New(Unknown Source)
[01:59:32] [Craft Scheduler Thread - 653/WARN]: 	at sun.net.www.protocol.https.AbstractDelegateHttpsURLConnection.getNewHttpClient(Unknown Source)
[01:59:32] [Craft Scheduler Thread - 653/WARN]: 	at sun.net.www.protocol.http.HttpURLConnection.plainConnect0(Unknown Source)
[01:59:32] [Craft Scheduler Thread - 653/WARN]: 	at sun.net.www.protocol.http.HttpURLConnection.plainConnect(Unknown Source)
[01:59:32] [Craft Scheduler Thread - 653/WARN]: 	at sun.net.www.protocol.https.AbstractDelegateHttpsURLConnection.connect(Unknown Source)
[01:59:32] [Craft Scheduler Thread - 653/WARN]: 	at sun.net.www.protocol.http.HttpURLConnection.getInputStream0(Unknown Source)
[01:59:32] [Craft Scheduler Thread - 653/WARN]: 	at sun.net.www.protocol.http.HttpURLConnection.getInputStream(Unknown Source)
[01:59:32] [Craft Scheduler Thread - 653/WARN]: 	at sun.net.www.protocol.https.HttpsURLConnectionImpl.getInputStream(Unknown Source)
[01:59:32] [Craft Scheduler Thread - 653/WARN]: 	at java.net.URL.openStream(Unknown Source)
[01:59:32] [Craft Scheduler Thread - 653/WARN]: 	at me.tade.quickboard.PluginUpdater.get(PluginUpdater.java:69)
[01:59:32] [Craft Scheduler Thread - 653/WARN]: 	at me.tade.quickboard.PluginUpdater.getResponse(PluginUpdater.java:57)
[01:59:32] [Craft Scheduler Thread - 653/WARN]: 	at me.tade.quickboard.PluginUpdater.doUpdate(PluginUpdater.java:31)
[01:59:32] [Craft Scheduler Thread - 653/WARN]: 	at me.tade.quickboard.PluginUpdater$1.run(PluginUpdater.java:25)
[01:59:32] [Craft Scheduler Thread - 653/WARN]: 	at org.bukkit.craftbukkit.v1_8_R3.scheduler.CraftTask.run(CraftTask.java:71)
[01:59:32] [Craft Scheduler Thread - 653/WARN]: 	at org.bukkit.craftbukkit.v1_8_R3.scheduler.CraftAsyncTask.run(CraftAsyncTask.java:53)
[01:59:32] [Craft Scheduler Thread - 653/WARN]: 	at java.util.concurrent.ThreadPoolExecutor.runWorker(Unknown Source)
[01:59:32] [Craft Scheduler Thread - 653/WARN]: 	at java.util.concurrent.ThreadPoolExecutor$Worker.run(Unknown Source)
[01:59:32] [Craft Scheduler Thread - 653/WARN]: 	at java.lang.Thread.run(Unknown Source)
[01:59:32] [Craft Scheduler Thread - 653/INFO]: Some sort of error happend! Can't get new version of QuickBoard!
[02:29:38] [Craft Scheduler Thread - 746/INFO]: Trying to get new version of QuickBoard...
[02:29:38] [Craft Scheduler Thread - 746/WARN]: java.net.UnknownHostException: raw.githubusercontent.com
[02:29:38] [Craft Scheduler Thread - 746/WARN]: 	at java.net.AbstractPlainSocketImpl.connect(Unknown Source)
[02:29:38] [Craft Scheduler Thread - 746/WARN]: 	at java.net.PlainSocketImpl.connect(Unknown Source)
[02:29:38] [Craft Scheduler Thread - 746/WARN]: 	at java.net.SocksSocketImpl.connect(Unknown Source)
[02:29:38] [Craft Scheduler Thread - 746/WARN]: 	at java.net.Socket.connect(Unknown Source)
[02:29:38] [Craft Scheduler Thread - 746/WARN]: 	at sun.security.ssl.SSLSocketImpl.connect(Unknown Source)
[02:29:38] [Craft Scheduler Thread - 746/WARN]: 	at sun.security.ssl.BaseSSLSocketImpl.connect(Unknown Source)
[02:29:38] [Craft Scheduler Thread - 746/WARN]: 	at sun.net.NetworkClient.doConnect(Unknown Source)
[02:29:38] [Craft Scheduler Thread - 746/WARN]: 	at sun.net.www.http.HttpClient.openServer(Unknown Source)
[02:29:38] [Craft Scheduler Thread - 746/WARN]: 	at sun.net.www.http.HttpClient.openServer(Unknown Source)
[02:29:38] [Craft Scheduler Thread - 746/WARN]: 	at sun.net.www.protocol.https.HttpsClient.<init>(Unknown Source)
[02:29:38] [Craft Scheduler Thread - 746/WARN]: 	at sun.net.www.protocol.https.HttpsClient.New(Unknown Source)
[02:29:38] [Craft Scheduler Thread - 746/WARN]: 	at sun.net.www.protocol.https.AbstractDelegateHttpsURLConnection.getNewHttpClient(Unknown Source)
[02:29:38] [Craft Scheduler Thread - 746/WARN]: 	at sun.net.www.protocol.http.HttpURLConnection.plainConnect0(Unknown Source)
[02:29:38] [Craft Scheduler Thread - 746/WARN]: 	at sun.net.www.protocol.http.HttpURLConnection.plainConnect(Unknown Source)
[02:29:38] [Craft Scheduler Thread - 746/WARN]: 	at sun.net.www.protocol.https.AbstractDelegateHttpsURLConnection.connect(Unknown Source)
[02:29:38] [Craft Scheduler Thread - 746/WARN]: 	at sun.net.www.protocol.http.HttpURLConnection.getInputStream0(Unknown Source)
[02:29:38] [Craft Scheduler Thread - 746/WARN]: 	at sun.net.www.protocol.http.HttpURLConnection.getInputStream(Unknown Source)
[02:29:38] [Craft Scheduler Thread - 746/WARN]: 	at sun.net.www.protocol.https.HttpsURLConnectionImpl.getInputStream(Unknown Source)
[02:29:38] [Craft Scheduler Thread - 746/WARN]: 	at java.net.URL.openStream(Unknown Source)
[02:29:38] [Craft Scheduler Thread - 746/WARN]: 	at me.tade.quickboard.PluginUpdater.get(PluginUpdater.java:69)
[02:29:38] [Craft Scheduler Thread - 746/WARN]: 	at me.tade.quickboard.PluginUpdater.getResponse(PluginUpdater.java:57)
[02:29:38] [Craft Scheduler Thread - 746/WARN]: 	at me.tade.quickboard.PluginUpdater.doUpdate(PluginUpdater.java:31)
[02:29:38] [Craft Scheduler Thread - 746/WARN]: 	at me.tade.quickboard.PluginUpdater$1.run(PluginUpdater.java:25)
[02:29:38] [Craft Scheduler Thread - 746/WARN]: 	at org.bukkit.craftbukkit.v1_8_R3.scheduler.CraftTask.run(CraftTask.java:71)
[02:29:38] [Craft Scheduler Thread - 746/WARN]: 	at org.bukkit.craftbukkit.v1_8_R3.scheduler.CraftAsyncTask.run(CraftAsyncTask.java:53)
[02:29:38] [Craft Scheduler Thread - 746/WARN]: 	at java.util.concurrent.ThreadPoolExecutor.runWorker(Unknown Source)
[02:29:38] [Craft Scheduler Thread - 746/WARN]: 	at java.util.concurrent.ThreadPoolExecutor$Worker.run(Unknown Source)
[02:29:38] [Craft Scheduler Thread - 746/WARN]: 	at java.lang.Thread.run(Unknown Source)
[02:29:38] [Craft Scheduler Thread - 746/INFO]: Some sort of error happend! Can't get new version of QuickBoard!
[02:59:43] [Craft Scheduler Thread - 777/INFO]: Trying to get new version of QuickBoard...
[02:59:43] [Craft Scheduler Thread - 777/WARN]: java.net.UnknownHostException: raw.githubusercontent.com
[02:59:43] [Craft Scheduler Thread - 777/WARN]: 	at java.net.AbstractPlainSocketImpl.connect(Unknown Source)
[02:59:43] [Craft Scheduler Thread - 777/WARN]: 	at java.net.PlainSocketImpl.connect(Unknown Source)
[02:59:43] [Craft Scheduler Thread - 777/WARN]: 	at java.net.SocksSocketImpl.connect(Unknown Source)
[02:59:43] [Craft Scheduler Thread - 777/WARN]: 	at java.net.Socket.connect(Unknown Source)
[02:59:43] [Craft Scheduler Thread - 777/WARN]: 	at sun.security.ssl.SSLSocketImpl.connect(Unknown Source)
[02:59:43] [Craft Scheduler Thread - 777/WARN]: 	at sun.security.ssl.BaseSSLSocketImpl.connect(Unknown Source)
[02:59:43] [Craft Scheduler Thread - 777/WARN]: 	at sun.net.NetworkClient.doConnect(Unknown Source)
[02:59:43] [Craft Scheduler Thread - 777/WARN]: 	at sun.net.www.http.HttpClient.openServer(Unknown Source)
[02:59:43] [Craft Scheduler Thread - 777/WARN]: 	at sun.net.www.http.HttpClient.openServer(Unknown Source)
[02:59:43] [Craft Scheduler Thread - 777/WARN]: 	at sun.net.www.protocol.https.HttpsClient.<init>(Unknown Source)
[02:59:43] [Craft Scheduler Thread - 777/WARN]: 	at sun.net.www.protocol.https.HttpsClient.New(Unknown Source)
[02:59:43] [Craft Scheduler Thread - 777/WARN]: 	at sun.net.www.protocol.https.AbstractDelegateHttpsURLConnection.getNewHttpClient(Unknown Source)
[02:59:43] [Craft Scheduler Thread - 777/WARN]: 	at sun.net.www.protocol.http.HttpURLConnection.plainConnect0(Unknown Source)
[02:59:43] [Craft Scheduler Thread - 777/WARN]: 	at sun.net.www.protocol.http.HttpURLConnection.plainConnect(Unknown Source)
[02:59:43] [Craft Scheduler Thread - 777/WARN]: 	at sun.net.www.protocol.https.AbstractDelegateHttpsURLConnection.connect(Unknown Source)
[02:59:43] [Craft Scheduler Thread - 777/WARN]: 	at sun.net.www.protocol.http.HttpURLConnection.getInputStream0(Unknown Source)
[02:59:43] [Craft Scheduler Thread - 777/WARN]: 	at sun.net.www.protocol.http.HttpURLConnection.getInputStream(Unknown Source)
[02:59:43] [Craft Scheduler Thread - 777/WARN]: 	at sun.net.www.protocol.https.HttpsURLConnectionImpl.getInputStream(Unknown Source)
[02:59:43] [Craft Scheduler Thread - 777/WARN]: 	at java.net.URL.openStream(Unknown Source)
[02:59:43] [Craft Scheduler Thread - 777/WARN]: 	at me.tade.quickboard.PluginUpdater.get(PluginUpdater.java:69)
[02:59:43] [Craft Scheduler Thread - 777/WARN]: 	at me.tade.quickboard.PluginUpdater.getResponse(PluginUpdater.java:57)
[02:59:43] [Craft Scheduler Thread - 777/WARN]: 	at me.tade.quickboard.PluginUpdater.doUpdate(PluginUpdater.java:31)
[02:59:43] [Craft Scheduler Thread - 777/WARN]: 	at me.tade.quickboard.PluginUpdater$1.run(PluginUpdater.java:25)
[02:59:43] [Craft Scheduler Thread - 777/WARN]: 	at org.bukkit.craftbukkit.v1_8_R3.scheduler.CraftTask.run(CraftTask.java:71)
[02:59:43] [Craft Scheduler Thread - 777/WARN]: 	at org.bukkit.craftbukkit.v1_8_R3.scheduler.CraftAsyncTask.run(CraftAsyncTask.java:53)
[02:59:43] [Craft Scheduler Thread - 777/WARN]: 	at java.util.concurrent.ThreadPoolExecutor.runWorker(Unknown Source)
[02:59:43] [Craft Scheduler Thread - 777/WARN]: 	at java.util.concurrent.ThreadPoolExecutor$Worker.run(Unknown Source)
[02:59:43] [Craft Scheduler Thread - 777/WARN]: 	at java.lang.Thread.run(Unknown Source)
[02:59:43] [Craft Scheduler Thread - 777/INFO]: Some sort of error happend! Can't get new version of QuickBoard!
[03:29:49] [Craft Scheduler Thread - 855/INFO]: Trying to get new version of QuickBoard...
[03:29:49] [Craft Scheduler Thread - 855/WARN]: java.net.UnknownHostException: raw.githubusercontent.com
[03:29:49] [Craft Scheduler Thread - 855/WARN]: 	at java.net.AbstractPlainSocketImpl.connect(Unknown Source)
[03:29:49] [Craft Scheduler Thread - 855/WARN]: 	at java.net.PlainSocketImpl.connect(Unknown Source)
[03:29:49] [Craft Scheduler Thread - 855/WARN]: 	at java.net.SocksSocketImpl.connect(Unknown Source)
[03:29:49] [Craft Scheduler Thread - 855/WARN]: 	at java.net.Socket.connect(Unknown Source)
[03:29:49] [Craft Scheduler Thread - 855/WARN]: 	at sun.security.ssl.SSLSocketImpl.connect(Unknown Source)
[03:29:49] [Craft Scheduler Thread - 855/WARN]: 	at sun.security.ssl.BaseSSLSocketImpl.connect(Unknown Source)
[03:29:49] [Craft Scheduler Thread - 855/WARN]: 	at sun.net.NetworkClient.doConnect(Unknown Source)
[03:29:49] [Craft Scheduler Thread - 855/WARN]: 	at sun.net.www.http.HttpClient.openServer(Unknown Source)
[03:29:49] [Craft Scheduler Thread - 855/WARN]: 	at sun.net.www.http.HttpClient.openServer(Unknown Source)
[03:29:49] [Craft Scheduler Thread - 855/WARN]: 	at sun.net.www.protocol.https.HttpsClient.<init>(Unknown Source)
[03:29:49] [Craft Scheduler Thread - 855/WARN]: 	at sun.net.www.protocol.https.HttpsClient.New(Unknown Source)
[03:29:49] [Craft Scheduler Thread - 855/WARN]: 	at sun.net.www.protocol.https.AbstractDelegateHttpsURLConnection.getNewHttpClient(Unknown Source)
[03:29:49] [Craft Scheduler Thread - 855/WARN]: 	at sun.net.www.protocol.http.HttpURLConnection.plainConnect0(Unknown Source)
[03:29:49] [Craft Scheduler Thread - 855/WARN]: 	at sun.net.www.protocol.http.HttpURLConnection.plainConnect(Unknown Source)
[03:29:49] [Craft Scheduler Thread - 855/WARN]: 	at sun.net.www.protocol.https.AbstractDelegateHttpsURLConnection.connect(Unknown Source)
[03:29:49] [Craft Scheduler Thread - 855/WARN]: 	at sun.net.www.protocol.http.HttpURLConnection.getInputStream0(Unknown Source)
[03:29:49] [Craft Scheduler Thread - 855/WARN]: 	at sun.net.www.protocol.http.HttpURLConnection.getInputStream(Unknown Source)
[03:29:49] [Craft Scheduler Thread - 855/WARN]: 	at sun.net.www.protocol.https.HttpsURLConnectionImpl.getInputStream(Unknown Source)
[03:29:49] [Craft Scheduler Thread - 855/WARN]: 	at java.net.URL.openStream(Unknown Source)
[03:29:49] [Craft Scheduler Thread - 855/WARN]: 	at me.tade.quickboard.PluginUpdater.get(PluginUpdater.java:69)
[03:29:49] [Craft Scheduler Thread - 855/WARN]: 	at me.tade.quickboard.PluginUpdater.getResponse(PluginUpdater.java:57)
[03:29:49] [Craft Scheduler Thread - 855/WARN]: 	at me.tade.quickboard.PluginUpdater.doUpdate(PluginUpdater.java:31)
[03:29:49] [Craft Scheduler Thread - 855/WARN]: 	at me.tade.quickboard.PluginUpdater$1.run(PluginUpdater.java:25)
[03:29:49] [Craft Scheduler Thread - 855/WARN]: 	at org.bukkit.craftbukkit.v1_8_R3.scheduler.CraftTask.run(CraftTask.java:71)
[03:29:49] [Craft Scheduler Thread - 855/WARN]: 	at org.bukkit.craftbukkit.v1_8_R3.scheduler.CraftAsyncTask.run(CraftAsyncTask.java:53)
[03:29:49] [Craft Scheduler Thread - 855/WARN]: 	at java.util.concurrent.ThreadPoolExecutor.runWorker(Unknown Source)
[03:29:49] [Craft Scheduler Thread - 855/WARN]: 	at java.util.concurrent.ThreadPoolExecutor$Worker.run(Unknown Source)
[03:29:49] [Craft Scheduler Thread - 855/WARN]: 	at java.lang.Thread.run(Unknown Source)
[03:29:49] [Craft Scheduler Thread - 855/INFO]: Some sort of error happend! Can't get new version of QuickBoard!
[03:59:55] [Craft Scheduler Thread - 894/INFO]: Trying to get new version of QuickBoard...
[03:59:55] [Craft Scheduler Thread - 894/WARN]: java.net.UnknownHostException: raw.githubusercontent.com
[03:59:55] [Craft Scheduler Thread - 894/WARN]: 	at java.net.AbstractPlainSocketImpl.connect(Unknown Source)
[03:59:55] [Craft Scheduler Thread - 894/WARN]: 	at java.net.PlainSocketImpl.connect(Unknown Source)
[03:59:55] [Craft Scheduler Thread - 894/WARN]: 	at java.net.SocksSocketImpl.connect(Unknown Source)
[03:59:55] [Craft Scheduler Thread - 894/WARN]: 	at java.net.Socket.connect(Unknown Source)
[03:59:55] [Craft Scheduler Thread - 894/WARN]: 	at sun.security.ssl.SSLSocketImpl.connect(Unknown Source)
[03:59:55] [Craft Scheduler Thread - 894/WARN]: 	at sun.security.ssl.BaseSSLSocketImpl.connect(Unknown Source)
[03:59:55] [Craft Scheduler Thread - 894/WARN]: 	at sun.net.NetworkClient.doConnect(Unknown Source)
[03:59:55] [Craft Scheduler Thread - 894/WARN]: 	at sun.net.www.http.HttpClient.openServer(Unknown Source)
[03:59:55] [Craft Scheduler Thread - 894/WARN]: 	at sun.net.www.http.HttpClient.openServer(Unknown Source)
[03:59:55] [Craft Scheduler Thread - 894/WARN]: 	at sun.net.www.protocol.https.HttpsClient.<init>(Unknown Source)
[03:59:55] [Craft Scheduler Thread - 894/WARN]: 	at sun.net.www.protocol.https.HttpsClient.New(Unknown Source)
[03:59:55] [Craft Scheduler Thread - 894/WARN]: 	at sun.net.www.protocol.https.AbstractDelegateHttpsURLConnection.getNewHttpClient(Unknown Source)
[03:59:55] [Craft Scheduler Thread - 894/WARN]: 	at sun.net.www.protocol.http.HttpURLConnection.plainConnect0(Unknown Source)
[03:59:55] [Craft Scheduler Thread - 894/WARN]: 	at sun.net.www.protocol.http.HttpURLConnection.plainConnect(Unknown Source)
[03:59:55] [Craft Scheduler Thread - 894/WARN]: 	at sun.net.www.protocol.https.AbstractDelegateHttpsURLConnection.connect(Unknown Source)
[03:59:55] [Craft Scheduler Thread - 894/WARN]: 	at sun.net.www.protocol.http.HttpURLConnection.getInputStream0(Unknown Source)
[03:59:55] [Craft Scheduler Thread - 894/WARN]: 	at sun.net.www.protocol.http.HttpURLConnection.getInputStream(Unknown Source)
[03:59:55] [Craft Scheduler Thread - 894/WARN]: 	at sun.net.www.protocol.https.HttpsURLConnectionImpl.getInputStream(Unknown Source)
[03:59:55] [Craft Scheduler Thread - 894/WARN]: 	at java.net.URL.openStream(Unknown Source)
[03:59:55] [Craft Scheduler Thread - 894/WARN]: 	at me.tade.quickboard.PluginUpdater.get(PluginUpdater.java:69)
[03:59:55] [Craft Scheduler Thread - 894/WARN]: 	at me.tade.quickboard.PluginUpdater.getResponse(PluginUpdater.java:57)
[03:59:55] [Craft Scheduler Thread - 894/WARN]: 	at me.tade.quickboard.PluginUpdater.doUpdate(PluginUpdater.java:31)
[03:59:55] [Craft Scheduler Thread - 894/WARN]: 	at me.tade.quickboard.PluginUpdater$1.run(PluginUpdater.java:25)
[03:59:55] [Craft Scheduler Thread - 894/WARN]: 	at org.bukkit.craftbukkit.v1_8_R3.scheduler.CraftTask.run(CraftTask.java:71)
[03:59:55] [Craft Scheduler Thread - 894/WARN]: 	at org.bukkit.craftbukkit.v1_8_R3.scheduler.CraftAsyncTask.run(CraftAsyncTask.java:53)
[03:59:55] [Craft Scheduler Thread - 894/WARN]: 	at java.util.concurrent.ThreadPoolExecutor.runWorker(Unknown Source)
[03:59:55] [Craft Scheduler Thread - 894/WARN]: 	at java.util.concurrent.ThreadPoolExecutor$Worker.run(Unknown Source)
[03:59:55] [Craft Scheduler Thread - 894/WARN]: 	at java.lang.Thread.run(Unknown Source)
[03:59:55] [Craft Scheduler Thread - 894/INFO]: Some sort of error happend! Can't get new version of QuickBoard!
[04:30:00] [Craft Scheduler Thread - 1016/INFO]: Trying to get new version of QuickBoard...
[04:30:00] [Craft Scheduler Thread - 1016/WARN]: java.net.UnknownHostException: raw.githubusercontent.com
[04:30:00] [Craft Scheduler Thread - 1016/WARN]: 	at java.net.AbstractPlainSocketImpl.connect(Unknown Source)
[04:30:00] [Craft Scheduler Thread - 1016/WARN]: 	at java.net.PlainSocketImpl.connect(Unknown Source)
[04:30:00] [Craft Scheduler Thread - 1016/WARN]: 	at java.net.SocksSocketImpl.connect(Unknown Source)
[04:30:00] [Craft Scheduler Thread - 1016/WARN]: 	at java.net.Socket.connect(Unknown Source)
[04:30:00] [Craft Scheduler Thread - 1016/WARN]: 	at sun.security.ssl.SSLSocketImpl.connect(Unknown Source)
[04:30:00] [Craft Scheduler Thread - 1016/WARN]: 	at sun.security.ssl.BaseSSLSocketImpl.connect(Unknown Source)
[04:30:00] [Craft Scheduler Thread - 1016/WARN]: 	at sun.net.NetworkClient.doConnect(Unknown Source)
[04:30:00] [Craft Scheduler Thread - 1016/WARN]: 	at sun.net.www.http.HttpClient.openServer(Unknown Source)
[04:30:00] [Craft Scheduler Thread - 1016/WARN]: 	at sun.net.www.http.HttpClient.openServer(Unknown Source)
[04:30:00] [Craft Scheduler Thread - 1016/WARN]: 	at sun.net.www.protocol.https.HttpsClient.<init>(Unknown Source)
[04:30:00] [Craft Scheduler Thread - 1016/WARN]: 	at sun.net.www.protocol.https.HttpsClient.New(Unknown Source)
[04:30:00] [Craft Scheduler Thread - 1016/WARN]: 	at sun.net.www.protocol.https.AbstractDelegateHttpsURLConnection.getNewHttpClient(Unknown Source)
[04:30:00] [Craft Scheduler Thread - 1016/WARN]: 	at sun.net.www.protocol.http.HttpURLConnection.plainConnect0(Unknown Source)
[04:30:00] [Craft Scheduler Thread - 1016/WARN]: 	at sun.net.www.protocol.http.HttpURLConnection.plainConnect(Unknown Source)
[04:30:00] [Craft Scheduler Thread - 1016/WARN]: 	at sun.net.www.protocol.https.AbstractDelegateHttpsURLConnection.connect(Unknown Source)
[04:30:00] [Craft Scheduler Thread - 1016/WARN]: 	at sun.net.www.protocol.http.HttpURLConnection.getInputStream0(Unknown Source)
[04:30:00] [Craft Scheduler Thread - 1016/WARN]: 	at sun.net.www.protocol.http.HttpURLConnection.getInputStream(Unknown Source)
[04:30:00] [Craft Scheduler Thread - 1016/WARN]: 	at sun.net.www.protocol.https.HttpsURLConnectionImpl.getInputStream(Unknown Source)
[04:30:00] [Craft Scheduler Thread - 1016/WARN]: 	at java.net.URL.openStream(Unknown Source)
[04:30:00] [Craft Scheduler Thread - 1016/WARN]: 	at me.tade.quickboard.PluginUpdater.get(PluginUpdater.java:69)
[04:30:00] [Craft Scheduler Thread - 1016/WARN]: 	at me.tade.quickboard.PluginUpdater.getResponse(PluginUpdater.java:57)
[04:30:00] [Craft Scheduler Thread - 1016/WARN]: 	at me.tade.quickboard.PluginUpdater.doUpdate(PluginUpdater.java:31)
[04:30:00] [Craft Scheduler Thread - 1016/WARN]: 	at me.tade.quickboard.PluginUpdater$1.run(PluginUpdater.java:25)
[04:30:00] [Craft Scheduler Thread - 1016/WARN]: 	at org.bukkit.craftbukkit.v1_8_R3.scheduler.CraftTask.run(CraftTask.java:71)
[04:30:00] [Craft Scheduler Thread - 1016/WARN]: 	at org.bukkit.craftbukkit.v1_8_R3.scheduler.CraftAsyncTask.run(CraftAsyncTask.java:53)
[04:30:00] [Craft Scheduler Thread - 1016/WARN]: 	at java.util.concurrent.ThreadPoolExecutor.runWorker(Unknown Source)
[04:30:00] [Craft Scheduler Thread - 1016/WARN]: 	at java.util.concurrent.ThreadPoolExecutor$Worker.run(Unknown Source)
[04:30:00] [Craft Scheduler Thread - 1016/WARN]: 	at java.lang.Thread.run(Unknown Source)
[04:30:00] [Craft Scheduler Thread - 1016/INFO]: Some sort of error happend! Can't get new version of QuickBoard!
[05:00:06] [Craft Scheduler Thread - 1064/INFO]: Trying to get new version of QuickBoard...
[05:00:06] [Craft Scheduler Thread - 1064/WARN]: java.net.UnknownHostException: raw.githubusercontent.com
[05:00:06] [Craft Scheduler Thread - 1064/WARN]: 	at java.net.AbstractPlainSocketImpl.connect(Unknown Source)
[05:00:06] [Craft Scheduler Thread - 1064/WARN]: 	at java.net.PlainSocketImpl.connect(Unknown Source)
[05:00:06] [Craft Scheduler Thread - 1064/WARN]: 	at java.net.SocksSocketImpl.connect(Unknown Source)
[05:00:06] [Craft Scheduler Thread - 1064/WARN]: 	at java.net.Socket.connect(Unknown Source)
[05:00:06] [Craft Scheduler Thread - 1064/WARN]: 	at sun.security.ssl.SSLSocketImpl.connect(Unknown Source)
[05:00:06] [Craft Scheduler Thread - 1064/WARN]: 	at sun.security.ssl.BaseSSLSocketImpl.connect(Unknown Source)
[05:00:06] [Craft Scheduler Thread - 1064/WARN]: 	at sun.net.NetworkClient.doConnect(Unknown Source)
[05:00:06] [Craft Scheduler Thread - 1064/WARN]: 	at sun.net.www.http.HttpClient.openServer(Unknown Source)
[05:00:06] [Craft Scheduler Thread - 1064/WARN]: 	at sun.net.www.http.HttpClient.openServer(Unknown Source)
[05:00:06] [Craft Scheduler Thread - 1064/WARN]: 	at sun.net.www.protocol.https.HttpsClient.<init>(Unknown Source)
[05:00:06] [Craft Scheduler Thread - 1064/WARN]: 	at sun.net.www.protocol.https.HttpsClient.New(Unknown Source)
[05:00:06] [Craft Scheduler Thread - 1064/WARN]: 	at sun.net.www.protocol.https.AbstractDelegateHttpsURLConnection.getNewHttpClient(Unknown Source)
[05:00:06] [Craft Scheduler Thread - 1064/WARN]: 	at sun.net.www.protocol.http.HttpURLConnection.plainConnect0(Unknown Source)
[05:00:06] [Craft Scheduler Thread - 1064/WARN]: 	at sun.net.www.protocol.http.HttpURLConnection.plainConnect(Unknown Source)
[05:00:06] [Craft Scheduler Thread - 1064/WARN]: 	at sun.net.www.protocol.https.AbstractDelegateHttpsURLConnection.connect(Unknown Source)
[05:00:06] [Craft Scheduler Thread - 1064/WARN]: 	at sun.net.www.protocol.http.HttpURLConnection.getInputStream0(Unknown Source)
[05:00:06] [Craft Scheduler Thread - 1064/WARN]: 	at sun.net.www.protocol.http.HttpURLConnection.getInputStream(Unknown Source)
[05:00:06] [Craft Scheduler Thread - 1064/WARN]: 	at sun.net.www.protocol.https.HttpsURLConnectionImpl.getInputStream(Unknown Source)
[05:00:06] [Craft Scheduler Thread - 1064/WARN]: 	at java.net.URL.openStream(Unknown Source)
[05:00:06] [Craft Scheduler Thread - 1064/WARN]: 	at me.tade.quickboard.PluginUpdater.get(PluginUpdater.java:69)
[05:00:06] [Craft Scheduler Thread - 1064/WARN]: 	at me.tade.quickboard.PluginUpdater.getResponse(PluginUpdater.java:57)
[05:00:06] [Craft Scheduler Thread - 1064/WARN]: 	at me.tade.quickboard.PluginUpdater.doUpdate(PluginUpdater.java:31)
[05:00:06] [Craft Scheduler Thread - 1064/WARN]: 	at me.tade.quickboard.PluginUpdater$1.run(PluginUpdater.java:25)
[05:00:06] [Craft Scheduler Thread - 1064/WARN]: 	at org.bukkit.craftbukkit.v1_8_R3.scheduler.CraftTask.run(CraftTask.java:71)
[05:00:06] [Craft Scheduler Thread - 1064/WARN]: 	at org.bukkit.craftbukkit.v1_8_R3.scheduler.CraftAsyncTask.run(CraftAsyncTask.java:53)
[05:00:06] [Craft Scheduler Thread - 1064/WARN]: 	at java.util.concurrent.ThreadPoolExecutor.runWorker(Unknown Source)
[05:00:06] [Craft Scheduler Thread - 1064/WARN]: 	at java.util.concurrent.ThreadPoolExecutor$Worker.run(Unknown Source)
[05:00:06] [Craft Scheduler Thread - 1064/WARN]: 	at java.lang.Thread.run(Unknown Source)
[05:00:06] [Craft Scheduler Thread - 1064/INFO]: Some sort of error happend! Can't get new version of QuickBoard!
[05:30:12] [Craft Scheduler Thread - 1127/INFO]: Trying to get new version of QuickBoard...
[05:30:12] [Craft Scheduler Thread - 1127/WARN]: java.net.UnknownHostException: raw.githubusercontent.com
[05:30:12] [Craft Scheduler Thread - 1127/WARN]: 	at java.net.AbstractPlainSocketImpl.connect(Unknown Source)
[05:30:12] [Craft Scheduler Thread - 1127/WARN]: 	at java.net.PlainSocketImpl.connect(Unknown Source)
[05:30:12] [Craft Scheduler Thread - 1127/WARN]: 	at java.net.SocksSocketImpl.connect(Unknown Source)
[05:30:12] [Craft Scheduler Thread - 1127/WARN]: 	at java.net.Socket.connect(Unknown Source)
[05:30:12] [Craft Scheduler Thread - 1127/WARN]: 	at sun.security.ssl.SSLSocketImpl.connect(Unknown Source)
[05:30:12] [Craft Scheduler Thread - 1127/WARN]: 	at sun.security.ssl.BaseSSLSocketImpl.connect(Unknown Source)
[05:30:12] [Craft Scheduler Thread - 1127/WARN]: 	at sun.net.NetworkClient.doConnect(Unknown Source)
[05:30:12] [Craft Scheduler Thread - 1127/WARN]: 	at sun.net.www.http.HttpClient.openServer(Unknown Source)
[05:30:12] [Craft Scheduler Thread - 1127/WARN]: 	at sun.net.www.http.HttpClient.openServer(Unknown Source)
[05:30:12] [Craft Scheduler Thread - 1127/WARN]: 	at sun.net.www.protocol.https.HttpsClient.<init>(Unknown Source)
[05:30:12] [Craft Scheduler Thread - 1127/WARN]: 	at sun.net.www.protocol.https.HttpsClient.New(Unknown Source)
[05:30:12] [Craft Scheduler Thread - 1127/WARN]: 	at sun.net.www.protocol.https.AbstractDelegateHttpsURLConnection.getNewHttpClient(Unknown Source)
[05:30:12] [Craft Scheduler Thread - 1127/WARN]: 	at sun.net.www.protocol.http.HttpURLConnection.plainConnect0(Unknown Source)
[05:30:12] [Craft Scheduler Thread - 1127/WARN]: 	at sun.net.www.protocol.http.HttpURLConnection.plainConnect(Unknown Source)
[05:30:12] [Craft Scheduler Thread - 1127/WARN]: 	at sun.net.www.protocol.https.AbstractDelegateHttpsURLConnection.connect(Unknown Source)
[05:30:12] [Craft Scheduler Thread - 1127/WARN]: 	at sun.net.www.protocol.http.HttpURLConnection.getInputStream0(Unknown Source)
[05:30:12] [Craft Scheduler Thread - 1127/WARN]: 	at sun.net.www.protocol.http.HttpURLConnection.getInputStream(Unknown Source)
[05:30:12] [Craft Scheduler Thread - 1127/WARN]: 	at sun.net.www.protocol.https.HttpsURLConnectionImpl.getInputStream(Unknown Source)
[05:30:12] [Craft Scheduler Thread - 1127/WARN]: 	at java.net.URL.openStream(Unknown Source)
[05:30:12] [Craft Scheduler Thread - 1127/WARN]: 	at me.tade.quickboard.PluginUpdater.get(PluginUpdater.java:69)
[05:30:12] [Craft Scheduler Thread - 1127/WARN]: 	at me.tade.quickboard.PluginUpdater.getResponse(PluginUpdater.java:57)
[05:30:12] [Craft Scheduler Thread - 1127/WARN]: 	at me.tade.quickboard.PluginUpdater.doUpdate(PluginUpdater.java:31)
[05:30:12] [Craft Scheduler Thread - 1127/WARN]: 	at me.tade.quickboard.PluginUpdater$1.run(PluginUpdater.java:25)
[05:30:12] [Craft Scheduler Thread - 1127/WARN]: 	at org.bukkit.craftbukkit.v1_8_R3.scheduler.CraftTask.run(CraftTask.java:71)
[05:30:12] [Craft Scheduler Thread - 1127/WARN]: 	at org.bukkit.craftbukkit.v1_8_R3.scheduler.CraftAsyncTask.run(CraftAsyncTask.java:53)
[05:30:12] [Craft Scheduler Thread - 1127/WARN]: 	at java.util.concurrent.ThreadPoolExecutor.runWorker(Unknown Source)
[05:30:12] [Craft Scheduler Thread - 1127/WARN]: 	at java.util.concurrent.ThreadPoolExecutor$Worker.run(Unknown Source)
[05:30:12] [Craft Scheduler Thread - 1127/WARN]: 	at java.lang.Thread.run(Unknown Source)
[05:30:12] [Craft Scheduler Thread - 1127/INFO]: Some sort of error happend! Can't get new version of QuickBoard!
[06:00:17] [Craft Scheduler Thread - 1166/INFO]: Trying to get new version of QuickBoard...
[06:00:17] [Craft Scheduler Thread - 1166/WARN]: java.net.UnknownHostException: raw.githubusercontent.com
[06:00:17] [Craft Scheduler Thread - 1166/WARN]: 	at java.net.AbstractPlainSocketImpl.connect(Unknown Source)
[06:00:17] [Craft Scheduler Thread - 1166/WARN]: 	at java.net.PlainSocketImpl.connect(Unknown Source)
[06:00:17] [Craft Scheduler Thread - 1166/WARN]: 	at java.net.SocksSocketImpl.connect(Unknown Source)
[06:00:17] [Craft Scheduler Thread - 1166/WARN]: 	at java.net.Socket.connect(Unknown Source)
[06:00:17] [Craft Scheduler Thread - 1166/WARN]: 	at sun.security.ssl.SSLSocketImpl.connect(Unknown Source)
[06:00:17] [Craft Scheduler Thread - 1166/WARN]: 	at sun.security.ssl.BaseSSLSocketImpl.connect(Unknown Source)
[06:00:17] [Craft Scheduler Thread - 1166/WARN]: 	at sun.net.NetworkClient.doConnect(Unknown Source)
[06:00:17] [Craft Scheduler Thread - 1166/WARN]: 	at sun.net.www.http.HttpClient.openServer(Unknown Source)
[06:00:17] [Craft Scheduler Thread - 1166/WARN]: 	at sun.net.www.http.HttpClient.openServer(Unknown Source)
[06:00:17] [Craft Scheduler Thread - 1166/WARN]: 	at sun.net.www.protocol.https.HttpsClient.<init>(Unknown Source)
[06:00:17] [Craft Scheduler Thread - 1166/WARN]: 	at sun.net.www.protocol.https.HttpsClient.New(Unknown Source)
[06:00:17] [Craft Scheduler Thread - 1166/WARN]: 	at sun.net.www.protocol.https.AbstractDelegateHttpsURLConnection.getNewHttpClient(Unknown Source)
[06:00:17] [Craft Scheduler Thread - 1166/WARN]: 	at sun.net.www.protocol.http.HttpURLConnection.plainConnect0(Unknown Source)
[06:00:17] [Craft Scheduler Thread - 1166/WARN]: 	at sun.net.www.protocol.http.HttpURLConnection.plainConnect(Unknown Source)
[06:00:17] [Craft Scheduler Thread - 1166/WARN]: 	at sun.net.www.protocol.https.AbstractDelegateHttpsURLConnection.connect(Unknown Source)
[06:00:17] [Craft Scheduler Thread - 1166/WARN]: 	at sun.net.www.protocol.http.HttpURLConnection.getInputStream0(Unknown Source)
[06:00:17] [Craft Scheduler Thread - 1166/WARN]: 	at sun.net.www.protocol.http.HttpURLConnection.getInputStream(Unknown Source)
[06:00:17] [Craft Scheduler Thread - 1166/WARN]: 	at sun.net.www.protocol.https.HttpsURLConnectionImpl.getInputStream(Unknown Source)
[06:00:17] [Craft Scheduler Thread - 1166/WARN]: 	at java.net.URL.openStream(Unknown Source)
[06:00:17] [Craft Scheduler Thread - 1166/WARN]: 	at me.tade.quickboard.PluginUpdater.get(PluginUpdater.java:69)
[06:00:17] [Craft Scheduler Thread - 1166/WARN]: 	at me.tade.quickboard.PluginUpdater.getResponse(PluginUpdater.java:57)
[06:00:17] [Craft Scheduler Thread - 1166/WARN]: 	at me.tade.quickboard.PluginUpdater.doUpdate(PluginUpdater.java:31)
[06:00:17] [Craft Scheduler Thread - 1166/WARN]: 	at me.tade.quickboard.PluginUpdater$1.run(PluginUpdater.java:25)
[06:00:17] [Craft Scheduler Thread - 1166/WARN]: 	at org.bukkit.craftbukkit.v1_8_R3.scheduler.CraftTask.run(CraftTask.java:71)
[06:00:17] [Craft Scheduler Thread - 1166/WARN]: 	at org.bukkit.craftbukkit.v1_8_R3.scheduler.CraftAsyncTask.run(CraftAsyncTask.java:53)
[06:00:17] [Craft Scheduler Thread - 1166/WARN]: 	at java.util.concurrent.ThreadPoolExecutor.runWorker(Unknown Source)
[06:00:17] [Craft Scheduler Thread - 1166/WARN]: 	at java.util.concurrent.ThreadPoolExecutor$Worker.run(Unknown Source)
[06:00:17] [Craft Scheduler Thread - 1166/WARN]: 	at java.lang.Thread.run(Unknown Source)
[06:00:17] [Craft Scheduler Thread - 1166/INFO]: Some sort of error happend! Can't get new version of QuickBoard!
[06:30:23] [Craft Scheduler Thread - 1284/INFO]: Trying to get new version of QuickBoard...
[06:30:23] [Craft Scheduler Thread - 1284/WARN]: java.net.UnknownHostException: raw.githubusercontent.com
[06:30:23] [Craft Scheduler Thread - 1284/WARN]: 	at java.net.AbstractPlainSocketImpl.connect(Unknown Source)
[06:30:23] [Craft Scheduler Thread - 1284/WARN]: 	at java.net.PlainSocketImpl.connect(Unknown Source)
[06:30:23] [Craft Scheduler Thread - 1284/WARN]: 	at java.net.SocksSocketImpl.connect(Unknown Source)
[06:30:23] [Craft Scheduler Thread - 1284/WARN]: 	at java.net.Socket.connect(Unknown Source)
[06:30:23] [Craft Scheduler Thread - 1284/WARN]: 	at sun.security.ssl.SSLSocketImpl.connect(Unknown Source)
[06:30:23] [Craft Scheduler Thread - 1284/WARN]: 	at sun.security.ssl.BaseSSLSocketImpl.connect(Unknown Source)
[06:30:23] [Craft Scheduler Thread - 1284/WARN]: 	at sun.net.NetworkClient.doConnect(Unknown Source)
[06:30:23] [Craft Scheduler Thread - 1284/WARN]: 	at sun.net.www.http.HttpClient.openServer(Unknown Source)
[06:30:23] [Craft Scheduler Thread - 1284/WARN]: 	at sun.net.www.http.HttpClient.openServer(Unknown Source)
[06:30:23] [Craft Scheduler Thread - 1284/WARN]: 	at sun.net.www.protocol.https.HttpsClient.<init>(Unknown Source)
[06:30:23] [Craft Scheduler Thread - 1284/WARN]: 	at sun.net.www.protocol.https.HttpsClient.New(Unknown Source)
[06:30:23] [Craft Scheduler Thread - 1284/WARN]: 	at sun.net.www.protocol.https.AbstractDelegateHttpsURLConnection.getNewHttpClient(Unknown Source)
[06:30:23] [Craft Scheduler Thread - 1284/WARN]: 	at sun.net.www.protocol.http.HttpURLConnection.plainConnect0(Unknown Source)
[06:30:23] [Craft Scheduler Thread - 1284/WARN]: 	at sun.net.www.protocol.http.HttpURLConnection.plainConnect(Unknown Source)
[06:30:23] [Craft Scheduler Thread - 1284/WARN]: 	at sun.net.www.protocol.https.AbstractDelegateHttpsURLConnection.connect(Unknown Source)
[06:30:23] [Craft Scheduler Thread - 1284/WARN]: 	at sun.net.www.protocol.http.HttpURLConnection.getInputStream0(Unknown Source)
[06:30:23] [Craft Scheduler Thread - 1284/WARN]: 	at sun.net.www.protocol.http.HttpURLConnection.getInputStream(Unknown Source)
[06:30:23] [Craft Scheduler Thread - 1284/WARN]: 	at sun.net.www.protocol.https.HttpsURLConnectionImpl.getInputStream(Unknown Source)
[06:30:23] [Craft Scheduler Thread - 1284/WARN]: 	at java.net.URL.openStream(Unknown Source)
[06:30:23] [Craft Scheduler Thread - 1284/WARN]: 	at me.tade.quickboard.PluginUpdater.get(PluginUpdater.java:69)
[06:30:23] [Craft Scheduler Thread - 1284/WARN]: 	at me.tade.quickboard.PluginUpdater.getResponse(PluginUpdater.java:57)
[06:30:23] [Craft Scheduler Thread - 1284/WARN]: 	at me.tade.quickboard.PluginUpdater.doUpdate(PluginUpdater.java:31)
[06:30:23] [Craft Scheduler Thread - 1284/WARN]: 	at me.tade.quickboard.PluginUpdater$1.run(PluginUpdater.java:25)
[06:30:23] [Craft Scheduler Thread - 1284/WARN]: 	at org.bukkit.craftbukkit.v1_8_R3.scheduler.CraftTask.run(CraftTask.java:71)
[06:30:23] [Craft Scheduler Thread - 1284/WARN]: 	at org.bukkit.craftbukkit.v1_8_R3.scheduler.CraftAsyncTask.run(CraftAsyncTask.java:53)
[06:30:23] [Craft Scheduler Thread - 1284/WARN]: 	at java.util.concurrent.ThreadPoolExecutor.runWorker(Unknown Source)
[06:30:23] [Craft Scheduler Thread - 1284/WARN]: 	at java.util.concurrent.ThreadPoolExecutor$Worker.run(Unknown Source)
[06:30:23] [Craft Scheduler Thread - 1284/WARN]: 	at java.lang.Thread.run(Unknown Source)
[06:30:23] [Craft Scheduler Thread - 1284/INFO]: Some sort of error happend! Can't get new version of QuickBoard!
[07:00:29] [Craft Scheduler Thread - 1338/INFO]: Trying to get new version of QuickBoard...
[07:00:29] [Craft Scheduler Thread - 1338/WARN]: java.net.UnknownHostException: raw.githubusercontent.com
[07:00:29] [Craft Scheduler Thread - 1338/WARN]: 	at java.net.AbstractPlainSocketImpl.connect(Unknown Source)
[07:00:29] [Craft Scheduler Thread - 1338/WARN]: 	at java.net.PlainSocketImpl.connect(Unknown Source)
[07:00:29] [Craft Scheduler Thread - 1338/WARN]: 	at java.net.SocksSocketImpl.connect(Unknown Source)
[07:00:29] [Craft Scheduler Thread - 1338/WARN]: 	at java.net.Socket.connect(Unknown Source)
[07:00:29] [Craft Scheduler Thread - 1338/WARN]: 	at sun.security.ssl.SSLSocketImpl.connect(Unknown Source)
[07:00:29] [Craft Scheduler Thread - 1338/WARN]: 	at sun.security.ssl.BaseSSLSocketImpl.connect(Unknown Source)
[07:00:29] [Craft Scheduler Thread - 1338/WARN]: 	at sun.net.NetworkClient.doConnect(Unknown Source)
[07:00:29] [Craft Scheduler Thread - 1338/WARN]: 	at sun.net.www.http.HttpClient.openServer(Unknown Source)
[07:00:29] [Craft Scheduler Thread - 1338/WARN]: 	at sun.net.www.http.HttpClient.openServer(Unknown Source)
[07:00:29] [Craft Scheduler Thread - 1338/WARN]: 	at sun.net.www.protocol.https.HttpsClient.<init>(Unknown Source)
[07:00:29] [Craft Scheduler Thread - 1338/WARN]: 	at sun.net.www.protocol.https.HttpsClient.New(Unknown Source)
[07:00:29] [Craft Scheduler Thread - 1338/WARN]: 	at sun.net.www.protocol.https.AbstractDelegateHttpsURLConnection.getNewHttpClient(Unknown Source)
[07:00:29] [Craft Scheduler Thread - 1338/WARN]: 	at sun.net.www.protocol.http.HttpURLConnection.plainConnect0(Unknown Source)
[07:00:29] [Craft Scheduler Thread - 1338/WARN]: 	at sun.net.www.protocol.http.HttpURLConnection.plainConnect(Unknown Source)
[07:00:29] [Craft Scheduler Thread - 1338/WARN]: 	at sun.net.www.protocol.https.AbstractDelegateHttpsURLConnection.connect(Unknown Source)
[07:00:29] [Craft Scheduler Thread - 1338/WARN]: 	at sun.net.www.protocol.http.HttpURLConnection.getInputStream0(Unknown Source)
[07:00:29] [Craft Scheduler Thread - 1338/WARN]: 	at sun.net.www.protocol.http.HttpURLConnection.getInputStream(Unknown Source)
[07:00:29] [Craft Scheduler Thread - 1338/WARN]: 	at sun.net.www.protocol.https.HttpsURLConnectionImpl.getInputStream(Unknown Source)
[07:00:29] [Craft Scheduler Thread - 1338/WARN]: 	at java.net.URL.openStream(Unknown Source)
[07:00:29] [Craft Scheduler Thread - 1338/WARN]: 	at me.tade.quickboard.PluginUpdater.get(PluginUpdater.java:69)
[07:00:29] [Craft Scheduler Thread - 1338/WARN]: 	at me.tade.quickboard.PluginUpdater.getResponse(PluginUpdater.java:57)
[07:00:29] [Craft Scheduler Thread - 1338/WARN]: 	at me.tade.quickboard.PluginUpdater.doUpdate(PluginUpdater.java:31)
[07:00:29] [Craft Scheduler Thread - 1338/WARN]: 	at me.tade.quickboard.PluginUpdater$1.run(PluginUpdater.java:25)
[07:00:29] [Craft Scheduler Thread - 1338/WARN]: 	at org.bukkit.craftbukkit.v1_8_R3.scheduler.CraftTask.run(CraftTask.java:71)
[07:00:29] [Craft Scheduler Thread - 1338/WARN]: 	at org.bukkit.craftbukkit.v1_8_R3.scheduler.CraftAsyncTask.run(CraftAsyncTask.java:53)
[07:00:29] [Craft Scheduler Thread - 1338/WARN]: 	at java.util.concurrent.ThreadPoolExecutor.runWorker(Unknown Source)
[07:00:29] [Craft Scheduler Thread - 1338/WARN]: 	at java.util.concurrent.ThreadPoolExecutor$Worker.run(Unknown Source)
[07:00:29] [Craft Scheduler Thread - 1338/WARN]: 	at java.lang.Thread.run(Unknown Source)
[07:00:29] [Craft Scheduler Thread - 1338/INFO]: Some sort of error happend! Can't get new version of QuickBoard!
[07:30:34] [Craft Scheduler Thread - 1416/INFO]: Trying to get new version of QuickBoard...
[07:30:34] [Craft Scheduler Thread - 1416/WARN]: java.net.UnknownHostException: raw.githubusercontent.com
[07:30:34] [Craft Scheduler Thread - 1416/WARN]: 	at java.net.AbstractPlainSocketImpl.connect(Unknown Source)
[07:30:34] [Craft Scheduler Thread - 1416/WARN]: 	at java.net.PlainSocketImpl.connect(Unknown Source)
[07:30:34] [Craft Scheduler Thread - 1416/WARN]: 	at java.net.SocksSocketImpl.connect(Unknown Source)
[07:30:34] [Craft Scheduler Thread - 1416/WARN]: 	at java.net.Socket.connect(Unknown Source)
[07:30:34] [Craft Scheduler Thread - 1416/WARN]: 	at sun.security.ssl.SSLSocketImpl.connect(Unknown Source)
[07:30:34] [Craft Scheduler Thread - 1416/WARN]: 	at sun.security.ssl.BaseSSLSocketImpl.connect(Unknown Source)
[07:30:34] [Craft Scheduler Thread - 1416/WARN]: 	at sun.net.NetworkClient.doConnect(Unknown Source)
[07:30:34] [Craft Scheduler Thread - 1416/WARN]: 	at sun.net.www.http.HttpClient.openServer(Unknown Source)
[07:30:34] [Craft Scheduler Thread - 1416/WARN]: 	at sun.net.www.http.HttpClient.openServer(Unknown Source)
[07:30:34] [Craft Scheduler Thread - 1416/WARN]: 	at sun.net.www.protocol.https.HttpsClient.<init>(Unknown Source)
[07:30:34] [Craft Scheduler Thread - 1416/WARN]: 	at sun.net.www.protocol.https.HttpsClient.New(Unknown Source)
[07:30:34] [Craft Scheduler Thread - 1416/WARN]: 	at sun.net.www.protocol.https.AbstractDelegateHttpsURLConnection.getNewHttpClient(Unknown Source)
[07:30:34] [Craft Scheduler Thread - 1416/WARN]: 	at sun.net.www.protocol.http.HttpURLConnection.plainConnect0(Unknown Source)
[07:30:34] [Craft Scheduler Thread - 1416/WARN]: 	at sun.net.www.protocol.http.HttpURLConnection.plainConnect(Unknown Source)
[07:30:34] [Craft Scheduler Thread - 1416/WARN]: 	at sun.net.www.protocol.https.AbstractDelegateHttpsURLConnection.connect(Unknown Source)
[07:30:34] [Craft Scheduler Thread - 1416/WARN]: 	at sun.net.www.protocol.http.HttpURLConnection.getInputStream0(Unknown Source)
[07:30:34] [Craft Scheduler Thread - 1416/WARN]: 	at sun.net.www.protocol.http.HttpURLConnection.getInputStream(Unknown Source)
[07:30:34] [Craft Scheduler Thread - 1416/WARN]: 	at sun.net.www.protocol.https.HttpsURLConnectionImpl.getInputStream(Unknown Source)
[07:30:34] [Craft Scheduler Thread - 1416/WARN]: 	at java.net.URL.openStream(Unknown Source)
[07:30:34] [Craft Scheduler Thread - 1416/WARN]: 	at me.tade.quickboard.PluginUpdater.get(PluginUpdater.java:69)
[07:30:34] [Craft Scheduler Thread - 1416/WARN]: 	at me.tade.quickboard.PluginUpdater.getResponse(PluginUpdater.java:57)
[07:30:34] [Craft Scheduler Thread - 1416/WARN]: 	at me.tade.quickboard.PluginUpdater.doUpdate(PluginUpdater.java:31)
[07:30:34] [Craft Scheduler Thread - 1416/WARN]: 	at me.tade.quickboard.PluginUpdater$1.run(PluginUpdater.java:25)
[07:30:34] [Craft Scheduler Thread - 1416/WARN]: 	at org.bukkit.craftbukkit.v1_8_R3.scheduler.CraftTask.run(CraftTask.java:71)
[07:30:34] [Craft Scheduler Thread - 1416/WARN]: 	at org.bukkit.craftbukkit.v1_8_R3.scheduler.CraftAsyncTask.run(CraftAsyncTask.java:53)
[07:30:34] [Craft Scheduler Thread - 1416/WARN]: 	at java.util.concurrent.ThreadPoolExecutor.runWorker(Unknown Source)
[07:30:34] [Craft Scheduler Thread - 1416/WARN]: 	at java.util.concurrent.ThreadPoolExecutor$Worker.run(Unknown Source)
[07:30:34] [Craft Scheduler Thread - 1416/WARN]: 	at java.lang.Thread.run(Unknown Source)
[07:30:34] [Craft Scheduler Thread - 1416/INFO]: Some sort of error happend! Can't get new version of QuickBoard!
[08:00:40] [Craft Scheduler Thread - 1490/INFO]: Trying to get new version of QuickBoard...
[08:00:40] [Craft Scheduler Thread - 1490/WARN]: java.net.UnknownHostException: raw.githubusercontent.com
[08:00:40] [Craft Scheduler Thread - 1490/WARN]: 	at java.net.AbstractPlainSocketImpl.connect(Unknown Source)
[08:00:40] [Craft Scheduler Thread - 1490/WARN]: 	at java.net.PlainSocketImpl.connect(Unknown Source)
[08:00:40] [Craft Scheduler Thread - 1490/WARN]: 	at java.net.SocksSocketImpl.connect(Unknown Source)
[08:00:40] [Craft Scheduler Thread - 1490/WARN]: 	at java.net.Socket.connect(Unknown Source)
[08:00:40] [Craft Scheduler Thread - 1490/WARN]: 	at sun.security.ssl.SSLSocketImpl.connect(Unknown Source)
[08:00:40] [Craft Scheduler Thread - 1490/WARN]: 	at sun.security.ssl.BaseSSLSocketImpl.connect(Unknown Source)
[08:00:40] [Craft Scheduler Thread - 1490/WARN]: 	at sun.net.NetworkClient.doConnect(Unknown Source)
[08:00:40] [Craft Scheduler Thread - 1490/WARN]: 	at sun.net.www.http.HttpClient.openServer(Unknown Source)
[08:00:40] [Craft Scheduler Thread - 1490/WARN]: 	at sun.net.www.http.HttpClient.openServer(Unknown Source)
[08:00:40] [Craft Scheduler Thread - 1490/WARN]: 	at sun.net.www.protocol.https.HttpsClient.<init>(Unknown Source)
[08:00:40] [Craft Scheduler Thread - 1490/WARN]: 	at sun.net.www.protocol.https.HttpsClient.New(Unknown Source)
[08:00:40] [Craft Scheduler Thread - 1490/WARN]: 	at sun.net.www.protocol.https.AbstractDelegateHttpsURLConnection.getNewHttpClient(Unknown Source)
[08:00:40] [Craft Scheduler Thread - 1490/WARN]: 	at sun.net.www.protocol.http.HttpURLConnection.plainConnect0(Unknown Source)
[08:00:40] [Craft Scheduler Thread - 1490/WARN]: 	at sun.net.www.protocol.http.HttpURLConnection.plainConnect(Unknown Source)
[08:00:40] [Craft Scheduler Thread - 1490/WARN]: 	at sun.net.www.protocol.https.AbstractDelegateHttpsURLConnection.connect(Unknown Source)
[08:00:40] [Craft Scheduler Thread - 1490/WARN]: 	at sun.net.www.protocol.http.HttpURLConnection.getInputStream0(Unknown Source)
[08:00:40] [Craft Scheduler Thread - 1490/WARN]: 	at sun.net.www.protocol.http.HttpURLConnection.getInputStream(Unknown Source)
[08:00:40] [Craft Scheduler Thread - 1490/WARN]: 	at sun.net.www.protocol.https.HttpsURLConnectionImpl.getInputStream(Unknown Source)
[08:00:40] [Craft Scheduler Thread - 1490/WARN]: 	at java.net.URL.openStream(Unknown Source)
[08:00:40] [Craft Scheduler Thread - 1490/WARN]: 	at me.tade.quickboard.PluginUpdater.get(PluginUpdater.java:69)
[08:00:40] [Craft Scheduler Thread - 1490/WARN]: 	at me.tade.quickboard.PluginUpdater.getResponse(PluginUpdater.java:57)
[08:00:40] [Craft Scheduler Thread - 1490/WARN]: 	at me.tade.quickboard.PluginUpdater.doUpdate(PluginUpdater.java:31)
[08:00:40] [Craft Scheduler Thread - 1490/WARN]: 	at me.tade.quickboard.PluginUpdater$1.run(PluginUpdater.java:25)
[08:00:40] [Craft Scheduler Thread - 1490/WARN]: 	at org.bukkit.craftbukkit.v1_8_R3.scheduler.CraftTask.run(CraftTask.java:71)
[08:00:40] [Craft Scheduler Thread - 1490/WARN]: 	at org.bukkit.craftbukkit.v1_8_R3.scheduler.CraftAsyncTask.run(CraftAsyncTask.java:53)
[08:00:40] [Craft Scheduler Thread - 1490/WARN]: 	at java.util.concurrent.ThreadPoolExecutor.runWorker(Unknown Source)
[08:00:40] [Craft Scheduler Thread - 1490/WARN]: 	at java.util.concurrent.ThreadPoolExecutor$Worker.run(Unknown Source)
[08:00:40] [Craft Scheduler Thread - 1490/WARN]: 	at java.lang.Thread.run(Unknown Source)
[08:00:40] [Craft Scheduler Thread - 1490/INFO]: Some sort of error happend! Can't get new version of QuickBoard!
[08:30:45] [Craft Scheduler Thread - 1539/INFO]: Trying to get new version of QuickBoard...
[08:30:45] [Craft Scheduler Thread - 1539/WARN]: java.net.UnknownHostException: raw.githubusercontent.com
[08:30:45] [Craft Scheduler Thread - 1539/WARN]: 	at java.net.AbstractPlainSocketImpl.connect(Unknown Source)
[08:30:45] [Craft Scheduler Thread - 1539/WARN]: 	at java.net.PlainSocketImpl.connect(Unknown Source)
[08:30:45] [Craft Scheduler Thread - 1539/WARN]: 	at java.net.SocksSocketImpl.connect(Unknown Source)
[08:30:45] [Craft Scheduler Thread - 1539/WARN]: 	at java.net.Socket.connect(Unknown Source)
[08:30:45] [Craft Scheduler Thread - 1539/WARN]: 	at sun.security.ssl.SSLSocketImpl.connect(Unknown Source)
[08:30:45] [Craft Scheduler Thread - 1539/WARN]: 	at sun.security.ssl.BaseSSLSocketImpl.connect(Unknown Source)
[08:30:45] [Craft Scheduler Thread - 1539/WARN]: 	at sun.net.NetworkClient.doConnect(Unknown Source)
[08:30:45] [Craft Scheduler Thread - 1539/WARN]: 	at sun.net.www.http.HttpClient.openServer(Unknown Source)
[08:30:45] [Craft Scheduler Thread - 1539/WARN]: 	at sun.net.www.http.HttpClient.openServer(Unknown Source)
[08:30:45] [Craft Scheduler Thread - 1539/WARN]: 	at sun.net.www.protocol.https.HttpsClient.<init>(Unknown Source)
[08:30:45] [Craft Scheduler Thread - 1539/WARN]: 	at sun.net.www.protocol.https.HttpsClient.New(Unknown Source)
[08:30:45] [Craft Scheduler Thread - 1539/WARN]: 	at sun.net.www.protocol.https.AbstractDelegateHttpsURLConnection.getNewHttpClient(Unknown Source)
[08:30:45] [Craft Scheduler Thread - 1539/WARN]: 	at sun.net.www.protocol.http.HttpURLConnection.plainConnect0(Unknown Source)
[08:30:45] [Craft Scheduler Thread - 1539/WARN]: 	at sun.net.www.protocol.http.HttpURLConnection.plainConnect(Unknown Source)
[08:30:45] [Craft Scheduler Thread - 1539/WARN]: 	at sun.net.www.protocol.https.AbstractDelegateHttpsURLConnection.connect(Unknown Source)
[08:30:45] [Craft Scheduler Thread - 1539/WARN]: 	at sun.net.www.protocol.http.HttpURLConnection.getInputStream0(Unknown Source)
[08:30:45] [Craft Scheduler Thread - 1539/WARN]: 	at sun.net.www.protocol.http.HttpURLConnection.getInputStream(Unknown Source)
[08:30:45] [Craft Scheduler Thread - 1539/WARN]: 	at sun.net.www.protocol.https.HttpsURLConnectionImpl.getInputStream(Unknown Source)
[08:30:45] [Craft Scheduler Thread - 1539/WARN]: 	at java.net.URL.openStream(Unknown Source)
[08:30:45] [Craft Scheduler Thread - 1539/WARN]: 	at me.tade.quickboard.PluginUpdater.get(PluginUpdater.java:69)
[08:30:45] [Craft Scheduler Thread - 1539/WARN]: 	at me.tade.quickboard.PluginUpdater.getResponse(PluginUpdater.java:57)
[08:30:45] [Craft Scheduler Thread - 1539/WARN]: 	at me.tade.quickboard.PluginUpdater.doUpdate(PluginUpdater.java:31)
[08:30:45] [Craft Scheduler Thread - 1539/WARN]: 	at me.tade.quickboard.PluginUpdater$1.run(PluginUpdater.java:25)
[08:30:45] [Craft Scheduler Thread - 1539/WARN]: 	at org.bukkit.craftbukkit.v1_8_R3.scheduler.CraftTask.run(CraftTask.java:71)
[08:30:45] [Craft Scheduler Thread - 1539/WARN]: 	at org.bukkit.craftbukkit.v1_8_R3.scheduler.CraftAsyncTask.run(CraftAsyncTask.java:53)
[08:30:45] [Craft Scheduler Thread - 1539/WARN]: 	at java.util.concurrent.ThreadPoolExecutor.runWorker(Unknown Source)
[08:30:45] [Craft Scheduler Thread - 1539/WARN]: 	at java.util.concurrent.ThreadPoolExecutor$Worker.run(Unknown Source)
[08:30:45] [Craft Scheduler Thread - 1539/WARN]: 	at java.lang.Thread.run(Unknown Source)
[08:30:45] [Craft Scheduler Thread - 1539/INFO]: Some sort of error happend! Can't get new version of QuickBoard!
